TN:
SF:src/App.tsx
FN:24,(anonymous_1)
FN:50,(anonymous_2)
FN:90,(anonymous_3)
FN:91,(anonymous_4)
FNF:4
FNH:0
FNDA:0,(anonymous_1)
FNDA:0,(anonymous_2)
FNDA:0,(anonymous_3)
FNDA:0,(anonymous_4)
DA:1,0
DA:2,0
DA:3,0
DA:4,0
DA:5,0
DA:6,0
DA:7,0
DA:8,0
DA:9,0
DA:10,0
DA:12,0
DA:13,0
DA:14,0
DA:15,0
DA:16,0
DA:17,0
DA:18,0
DA:19,0
DA:21,0
DA:24,0
DA:25,0
DA:45,0
DA:46,0
DA:50,0
DA:51,0
DA:54,0
DA:55,0
DA:66,0
DA:67,0
DA:71,0
DA:72,0
DA:74,0
DA:76,0
DA:78,0
DA:80,0
DA:82,0
DA:87,0
DA:90,0
DA:91,0
DA:92,0
DA:93,0
DA:96,0
DA:181,0
LF:43
LH:0
BRDA:28,0,0,0
BRDA:28,0,1,0
BRDA:54,1,0,0
BRDA:66,2,0,0
BRDA:71,3,0,0
BRDA:72,4,0,0
BRDA:72,4,1,0
BRDA:72,4,2,0
BRDA:72,4,3,0
BRDA:72,4,4,0
BRF:10
BRH:0
end_of_record
TN:
SF:src/components/AnalyticsScreen.tsx
FN:19,(anonymous_9)
FN:26,(anonymous_10)
FN:33,(anonymous_11)
FN:38,(anonymous_12)
FN:80,(anonymous_13)
FN:85,(anonymous_14)
FN:97,(anonymous_15)
FN:112,(anonymous_16)
FNF:8
FNH:0
FNDA:0,(anonymous_9)
FNDA:0,(anonymous_10)
FNDA:0,(anonymous_11)
FNDA:0,(anonymous_12)
FNDA:0,(anonymous_13)
FNDA:0,(anonymous_14)
FNDA:0,(anonymous_15)
FNDA:0,(anonymous_16)
DA:2,0
DA:3,0
DA:5,0
DA:6,0
DA:7,0
DA:8,0
DA:9,0
DA:10,0
DA:11,0
DA:12,0
DA:13,0
DA:14,0
DA:15,0
DA:16,0
DA:17,0
DA:19,0
DA:20,0
DA:21,0
DA:22,0
DA:23,0
DA:26,0
DA:27,0
DA:28,0
DA:29,0
DA:33,0
DA:34,0
DA:35,0
DA:38,0
DA:39,0
DA:43,0
DA:80,0
DA:85,0
DA:98,0
DA:99,0
DA:100,0
DA:113,0
DA:114,0
DA:115,0
DA:184,0
LF:39
LH:0
BRDA:28,0,0,0
BRDA:28,1,0,0
BRDA:28,1,1,0
BRDA:99,2,0,0
BRDA:114,3,0,0
BRF:5
BRH:0
end_of_record
TN:
SF:src/components/AppHeader.tsx
FN:9,AppHeader
FN:12,(anonymous_2)
FN:17,(anonymous_3)
FNF:3
FNH:0
FNDA:0,AppHeader
FNDA:0,(anonymous_2)
FNDA:0,(anonymous_3)
DA:2,0
DA:3,0
DA:4,0
DA:5,0
DA:6,0
DA:7,0
DA:9,0
DA:10,0
DA:12,0
DA:13,0
DA:17,0
DA:18,0
DA:22,0
LF:13
LH:0
BRDA:60,0,0,0
BRDA:60,0,1,0
BRF:2
BRH:0
end_of_record
TN:
SF:src/components/AppSidebar.tsx
FN:29,AppSidebar
FN:110,(anonymous_2)
FN:117,(anonymous_3)
FN:131,(anonymous_4)
FN:138,(anonymous_5)
FNF:5
FNH:0
FNDA:0,AppSidebar
FNDA:0,(anonymous_2)
FNDA:0,(anonymous_3)
FNDA:0,(anonymous_4)
FNDA:0,(anonymous_5)
DA:1,0
DA:2,0
DA:3,0
DA:16,0
DA:29,0
DA:30,0
DA:31,0
DA:33,0
DA:81,0
DA:89,0
DA:111,0
DA:117,0
DA:132,0
DA:138,0
LF:14
LH:0
BRF:0
BRH:0
end_of_record
TN:
SF:src/components/AppointmentsScreen.tsx
FN:13,(anonymous_9)
FN:20,(anonymous_10)
FN:21,(anonymous_11)
FN:38,(anonymous_12)
FN:53,(anonymous_13)
FN:68,(anonymous_14)
FN:81,(anonymous_15)
FN:82,(anonymous_16)
FN:96,(anonymous_17)
FN:117,(anonymous_18)
FN:135,(anonymous_19)
FN:143,(anonymous_20)
FN:163,(anonymous_21)
FN:195,(anonymous_22)
FN:258,(anonymous_23)
FNF:15
FNH:0
FNDA:0,(anonymous_9)
FNDA:0,(anonymous_10)
FNDA:0,(anonymous_11)
FNDA:0,(anonymous_12)
FNDA:0,(anonymous_13)
FNDA:0,(anonymous_14)
FNDA:0,(anonymous_15)
FNDA:0,(anonymous_16)
FNDA:0,(anonymous_17)
FNDA:0,(anonymous_18)
FNDA:0,(anonymous_19)
FNDA:0,(anonymous_20)
FNDA:0,(anonymous_21)
FNDA:0,(anonymous_22)
FNDA:0,(anonymous_23)
DA:2,0
DA:3,0
DA:4,0
DA:5,0
DA:6,0
DA:7,0
DA:8,0
DA:9,0
DA:10,0
DA:11,0
DA:13,0
DA:14,0
DA:15,0
DA:16,0
DA:17,0
DA:18,0
DA:20,0
DA:21,0
DA:22,0
DA:23,0
DA:27,0
DA:28,0
DA:30,0
DA:32,0
DA:35,0
DA:38,0
DA:39,0
DA:41,0
DA:43,0
DA:45,0
DA:47,0
DA:49,0
DA:53,0
DA:54,0
DA:56,0
DA:58,0
DA:60,0
DA:62,0
DA:64,0
DA:68,0
DA:69,0
DA:71,0
DA:73,0
DA:75,0
DA:77,0
DA:81,0
DA:82,0
DA:83,0
DA:85,0
DA:87,0
DA:89,0
DA:91,0
DA:96,0
DA:97,0
DA:100,0
DA:101,0
DA:108,0
DA:117,0
DA:135,0
DA:143,0
DA:163,0
DA:196,0
DA:259,0
DA:315,0
LF:64
LH:0
BRDA:39,0,0,0
BRDA:39,0,1,0
BRDA:39,0,2,0
BRDA:39,0,3,0
BRDA:39,0,4,0
BRDA:54,1,0,0
BRDA:54,1,1,0
BRDA:54,1,2,0
BRDA:54,1,3,0
BRDA:54,1,4,0
BRDA:69,2,0,0
BRDA:69,2,1,0
BRDA:69,2,2,0
BRDA:69,2,3,0
BRDA:83,3,0,0
BRDA:83,3,1,0
BRDA:83,3,2,0
BRDA:83,3,3,0
BRDA:100,4,0,0
BRDA:177,5,0,0
BRDA:177,5,1,0
BRDA:228,6,0,0
BRDA:228,6,1,0
BRDA:250,7,0,0
BRDA:250,7,1,0
BRDA:283,8,0,0
BRDA:283,8,1,0
BRDA:289,9,0,0
BRDA:289,9,1,0
BRF:29
BRH:0
end_of_record
TN:
SF:src/components/BodyPartSelectionDialog.tsx
FN:26,(anonymous_1)
FN:32,(anonymous_2)
FN:51,(anonymous_3)
FN:54,(anonymous_4)
FNF:4
FNH:0
FNDA:0,(anonymous_1)
FNDA:0,(anonymous_2)
FNDA:0,(anonymous_3)
FNDA:0,(anonymous_4)
DA:2,0
DA:3,0
DA:11,0
DA:12,0
DA:13,0
DA:24,0
DA:26,0
DA:32,0
DA:33,0
DA:34,0
DA:38,0
DA:51,0
DA:55,0
LF:13
LH:0
BRDA:33,0,0,0
BRDA:50,1,0,0
BRDA:50,1,1,0
BRF:3
BRH:0
end_of_record
TN:
SF:src/components/CloudHealthcareStatus.tsx
FN:20,CloudHealthcareStatus
FN:24,(anonymous_2)
FN:32,(anonymous_3)
FN:44,(anonymous_4)
FN:114,(anonymous_5)
FN:129,(anonymous_6)
FNF:6
FNH:0
FNDA:0,CloudHealthcareStatus
FNDA:0,(anonymous_2)
FNDA:0,(anonymous_3)
FNDA:0,(anonymous_4)
FNDA:0,(anonymous_5)
FNDA:0,(anonymous_6)
DA:2,0
DA:3,0
DA:4,0
DA:5,0
DA:6,0
DA:7,0
DA:17,0
DA:18,0
DA:20,0
DA:21,0
DA:22,0
DA:24,0
DA:25,0
DA:32,0
DA:33,0
DA:44,0
DA:45,0
DA:47,0
DA:54,0
DA:61,0
DA:68,0
DA:77,0
DA:115,0
DA:130,0
DA:131,0
DA:133,0
LF:26
LH:0
BRDA:25,0,0,0
BRDA:25,0,1,0
BRDA:33,1,0,0
BRDA:33,1,1,0
BRDA:45,2,0,0
BRDA:45,2,1,0
BRDA:45,2,2,0
BRDA:45,2,3,0
BRDA:98,3,0,0
BRDA:98,3,1,0
BRDA:107,4,0,0
BRDA:107,4,1,0
BRDA:125,5,0,0
BRDA:125,5,1,0
BRDA:138,6,0,0
BRDA:138,6,1,0
BRDA:145,7,0,0
BRDA:145,7,1,0
BRDA:147,8,0,0
BRDA:147,8,1,0
BRF:20
BRH:0
end_of_record
TN:
SF:src/components/DietPlanScreen.tsx
FN:28,(anonymous_9)
FN:121,(anonymous_10)
FN:194,(anonymous_11)
FN:209,(anonymous_12)
FN:245,(anonymous_13)
FNF:5
FNH:0
FNDA:0,(anonymous_9)
FNDA:0,(anonymous_10)
FNDA:0,(anonymous_11)
FNDA:0,(anonymous_12)
FNDA:0,(anonymous_13)
DA:2,0
DA:3,0
DA:4,0
DA:5,0
DA:6,0
DA:7,0
DA:8,0
DA:21,0
DA:22,0
DA:23,0
DA:24,0
DA:25,0
DA:26,0
DA:28,0
DA:29,0
DA:30,0
DA:33,0
DA:43,0
DA:52,0
DA:61,0
DA:108,0
DA:121,0
DA:195,0
DA:196,0
DA:197,0
DA:210,0
DA:211,0
DA:212,0
DA:245,0
DA:290,0
LF:30
LH:0
BRDA:196,0,0,0
BRDA:211,1,0,0
BRF:2
BRH:0
end_of_record
TN:
SF:src/components/ErrorBoundary.tsx
FN:19,(anonymous_9)
FN:42,(anonymous_10)
FN:24,(anonymous_11)
FN:29,(anonymous_12)
FN:47,(anonymous_13)
FN:77,(anonymous_14)
FNF:6
FNH:0
FNDA:0,(anonymous_9)
FNDA:0,(anonymous_10)
FNDA:0,(anonymous_11)
FNDA:0,(anonymous_12)
FNDA:0,(anonymous_13)
FNDA:0,(anonymous_14)
DA:1,0
DA:2,0
DA:3,0
DA:4,0
DA:20,0
DA:21,0
DA:26,0
DA:31,0
DA:34,0
DA:37,0
DA:38,0
DA:42,0
DA:44,0
DA:48,0
DA:50,0
DA:51,0
DA:55,0
DA:77,0
DA:116,0
DA:120,0
LF:20
LH:0
BRDA:37,0,0,0
BRDA:48,1,0,0
BRDA:50,2,0,0
BRDA:85,3,0,0
BRDA:85,3,1,0
BRDA:85,3,2,0
BRDA:100,4,0,0
BRDA:100,4,1,0
BRF:8
BRH:0
end_of_record
TN:
SF:src/components/FitnessScreen.tsx
FN:33,(anonymous_9)
FN:66,(anonymous_10)
FN:79,(anonymous_11)
FN:145,(anonymous_12)
FN:160,(anonymous_13)
FN:199,(anonymous_14)
FN:229,(anonymous_15)
FN:300,(anonymous_16)
FNF:8
FNH:0
FNDA:0,(anonymous_9)
FNDA:0,(anonymous_10)
FNDA:0,(anonymous_11)
FNDA:0,(anonymous_12)
FNDA:0,(anonymous_13)
FNDA:0,(anonymous_14)
FNDA:0,(anonymous_15)
FNDA:0,(anonymous_16)
DA:2,0
DA:3,0
DA:4,0
DA:5,0
DA:7,0
DA:8,0
DA:26,0
DA:27,0
DA:28,0
DA:29,0
DA:30,0
DA:31,0
DA:33,0
DA:34,0
DA:35,0
DA:38,0
DA:49,0
DA:59,0
DA:66,0
DA:67,0
DA:68,0
DA:71,0
DA:79,0
DA:146,0
DA:147,0
DA:148,0
DA:161,0
DA:162,0
DA:163,0
DA:200,0
DA:230,0
DA:300,0
DA:307,0
LF:33
LH:0
BRDA:147,0,0,0
BRDA:162,1,0,0
BRDA:203,2,0,0
BRDA:203,2,1,0
BRDA:205,3,0,0
BRDA:205,3,1,0
BRDA:231,4,0,0
BRDA:231,4,1,0
BRDA:236,5,0,0
BRDA:236,5,1,0
BRDA:241,6,0,0
BRDA:241,6,1,0
BRDA:251,7,0,0
BRDA:251,7,1,0
BRF:14
BRH:0
end_of_record
TN:
SF:src/components/GoogleCloudConfigValidator.tsx
FN:35,GoogleCloudConfigValidator
FN:40,(anonymous_10)
FN:107,(anonymous_11)
FN:133,(anonymous_12)
FN:138,(anonymous_13)
FN:143,(anonymous_14)
FN:270,(anonymous_15)
FN:287,(anonymous_16)
FN:318,(anonymous_17)
FN:327,(anonymous_18)
FNF:10
FNH:0
FNDA:0,GoogleCloudConfigValidator
FNDA:0,(anonymous_10)
FNDA:0,(anonymous_11)
FNDA:0,(anonymous_12)
FNDA:0,(anonymous_13)
FNDA:0,(anonymous_14)
FNDA:0,(anonymous_15)
FNDA:0,(anonymous_16)
FNDA:0,(anonymous_17)
FNDA:0,(anonymous_18)
DA:2,0
DA:3,0
DA:4,0
DA:5,0
DA:6,0
DA:7,0
DA:8,0
DA:19,0
DA:35,0
DA:36,0
DA:37,0
DA:38,0
DA:40,0
DA:41,0
DA:42,0
DA:43,0
DA:53,0
DA:54,0
DA:58,0
DA:59,0
DA:61,0
DA:65,0
DA:66,0
DA:68,0
DA:72,0
DA:73,0
DA:75,0
DA:79,0
DA:80,0
DA:82,0
DA:86,0
DA:87,0
DA:88,0
DA:90,0
DA:95,0
DA:96,0
DA:99,0
DA:107,0
DA:108,0
DA:109,0
DA:110,0
DA:111,0
DA:112,0
DA:114,0
DA:115,0
DA:129,0
DA:133,0
DA:135,0
DA:138,0
DA:139,0
DA:140,0
DA:143,0
DA:144,0
DA:145,0
DA:147,0
DA:152,0
DA:271,0
DA:288,0
DA:318,0
DA:327,0
LF:60
LH:0
BRDA:53,0,0,0
BRDA:58,1,0,0
BRDA:58,1,1,0
BRDA:65,2,0,0
BRDA:65,2,1,0
BRDA:72,3,0,0
BRDA:72,3,1,0
BRDA:79,4,0,0
BRDA:79,4,1,0
BRDA:87,5,0,0
BRDA:87,5,1,0
BRDA:95,6,0,0
BRDA:95,7,0,0
BRDA:95,7,1,0
BRDA:95,7,2,0
BRDA:139,8,0,0
BRDA:140,9,0,0
BRDA:140,9,1,0
BRDA:144,10,0,0
BRDA:147,11,0,0
BRDA:147,11,1,0
BRDA:166,12,0,0
BRDA:166,12,1,0
BRDA:178,13,0,0
BRDA:178,13,1,0
BRDA:181,14,0,0
BRDA:181,14,1,0
BRDA:185,15,0,0
BRDA:185,15,1,0
BRDA:237,16,0,0
BRDA:237,16,1,0
BRDA:241,17,0,0
BRDA:241,17,1,0
BRDA:245,18,0,0
BRDA:245,18,1,0
BRDA:250,19,0,0
BRDA:250,19,1,0
BRDA:256,20,0,0
BRDA:256,20,1,0
BRDA:263,21,0,0
BRDA:263,21,1,0
BRDA:263,21,2,0
BRDA:280,22,0,0
BRDA:280,22,1,0
BRDA:280,22,2,0
BRDA:297,23,0,0
BRDA:297,23,1,0
BRDA:297,23,2,0
BRDA:297,23,3,0
BRDA:307,24,0,0
BRDA:307,24,1,0
BRF:51
BRH:0
end_of_record
TN:
SF:src/components/GoogleMapView.tsx
FN:43,GoogleMapView
FN:57,(anonymous_10)
FN:60,(anonymous_11)
FN:68,(anonymous_12)
FN:80,(anonymous_13)
FN:90,(anonymous_14)
FN:109,(anonymous_15)
FN:122,(anonymous_16)
FN:124,(anonymous_17)
FN:125,(anonymous_18)
FN:136,(anonymous_19)
FN:145,(anonymous_20)
FN:149,(anonymous_21)
FN:216,(anonymous_22)
FN:263,(anonymous_23)
FN:270,(anonymous_24)
FN:290,(anonymous_25)
FN:305,(anonymous_26)
FNF:18
FNH:0
FNDA:0,GoogleMapView
FNDA:0,(anonymous_10)
FNDA:0,(anonymous_11)
FNDA:0,(anonymous_12)
FNDA:0,(anonymous_13)
FNDA:0,(anonymous_14)
FNDA:0,(anonymous_15)
FNDA:0,(anonymous_16)
FNDA:0,(anonymous_17)
FNDA:0,(anonymous_18)
FNDA:0,(anonymous_19)
FNDA:0,(anonymous_20)
FNDA:0,(anonymous_21)
FNDA:0,(anonymous_22)
FNDA:0,(anonymous_23)
FNDA:0,(anonymous_24)
FNDA:0,(anonymous_25)
FNDA:0,(anonymous_26)
DA:1,0
DA:2,0
DA:3,0
DA:4,0
DA:5,0
DA:7,0
DA:31,0
DA:33,0
DA:38,0
DA:43,0
DA:44,0
DA:45,0
DA:46,0
DA:47,0
DA:48,0
DA:49,0
DA:50,0
DA:51,0
DA:53,0
DA:54,0
DA:57,0
DA:58,0
DA:59,0
DA:61,0
DA:65,0
DA:66,0
DA:69,0
DA:70,0
DA:71,0
DA:75,0
DA:76,0
DA:80,0
DA:81,0
DA:84,0
DA:85,0
DA:90,0
DA:91,0
DA:92,0
DA:93,0
DA:97,0
DA:98,0
DA:100,0
DA:104,0
DA:109,0
DA:110,0
DA:112,0
DA:113,0
DA:115,0
DA:122,0
DA:123,0
DA:124,0
DA:125,0
DA:126,0
DA:130,0
DA:132,0
DA:136,0
DA:137,0
DA:138,0
DA:139,0
DA:141,0
DA:145,0
DA:146,0
DA:149,0
DA:150,0
DA:151,0
DA:152,0
DA:153,0
DA:154,0
DA:158,0
DA:160,0
DA:161,0
DA:181,0
DA:216,0
DA:264,0
DA:270,0
DA:290,0
DA:306,0
LF:77
LH:0
BRDA:43,0,0,0
BRDA:58,1,0,0
BRDA:58,1,1,0
BRDA:84,2,0,0
BRDA:84,3,0,0
BRDA:84,3,1,0
BRDA:92,4,0,0
BRDA:110,5,0,0
BRDA:110,6,0,0
BRDA:110,6,1,0
BRDA:123,7,0,0
BRDA:123,8,0,0
BRDA:123,8,1,0
BRDA:137,9,0,0
BRDA:137,10,0,0
BRDA:137,10,1,0
BRDA:150,11,0,0
BRDA:151,12,0,0
BRDA:152,13,0,0
BRDA:153,14,0,0
BRDA:160,15,0,0
BRDA:198,16,0,0
BRDA:198,16,1,0
BRDA:234,17,0,0
BRDA:234,17,1,0
BRDA:235,18,0,0
BRDA:235,18,1,0
BRDA:246,19,0,0
BRDA:246,19,1,0
BRDA:284,20,0,0
BRDA:284,20,1,0
BRDA:298,21,0,0
BRDA:298,21,1,0
BRDA:318,22,0,0
BRDA:318,22,1,0
BRDA:329,23,0,0
BRDA:329,23,1,0
BRF:37
BRH:0
end_of_record
TN:
SF:src/components/HistoryScreen.tsx
FN:6,(anonymous_9)
FN:76,(anonymous_10)
FN:91,(anonymous_11)
FN:111,(anonymous_12)
FN:117,(anonymous_13)
FN:120,(anonymous_14)
FN:143,(anonymous_15)
FNF:7
FNH:0
FNDA:0,(anonymous_9)
FNDA:0,(anonymous_10)
FNDA:0,(anonymous_11)
FNDA:0,(anonymous_12)
FNDA:0,(anonymous_13)
FNDA:0,(anonymous_14)
FNDA:0,(anonymous_15)
DA:2,0
DA:3,0
DA:4,0
DA:6,0
DA:7,0
DA:8,0
DA:9,0
DA:11,0
DA:69,0
DA:76,0
DA:77,0
DA:78,0
DA:81,0
DA:84,0
DA:91,0
DA:111,0
DA:118,0
DA:120,0
DA:144,0
DA:204,0
LF:20
LH:0
BRDA:77,0,0,0
BRDA:77,0,1,0
BRDA:78,1,0,0
BRDA:78,1,1,0
BRDA:78,1,2,0
BRDA:81,2,0,0
BRDA:81,2,1,0
BRDA:122,3,0,0
BRDA:122,3,1,0
BRDA:136,4,0,0
BRDA:136,4,1,0
BRF:11
BRH:0
end_of_record
TN:
SF:src/components/HomeScreen.tsx
FN:11,(anonymous_1)
FNF:1
FNH:0
FNDA:0,(anonymous_1)
DA:2,0
DA:3,0
DA:4,0
DA:5,0
DA:6,0
DA:7,0
DA:8,0
DA:9,0
DA:11,0
DA:12,0
DA:14,0
DA:27,0
LF:12
LH:0
BRF:0
BRH:0
end_of_record
TN:
SF:src/components/LoginScreen.tsx
FN:12,(anonymous_9)
FN:54,(anonymous_10)
FN:66,(anonymous_11)
FN:81,(anonymous_12)
FN:112,(anonymous_13)
FN:117,(anonymous_14)
FN:158,(anonymous_15)
FN:171,(anonymous_16)
FN:179,(anonymous_17)
FN:215,(anonymous_18)
FN:219,(anonymous_19)
FNF:11
FNH:0
FNDA:0,(anonymous_9)
FNDA:0,(anonymous_10)
FNDA:0,(anonymous_11)
FNDA:0,(anonymous_12)
FNDA:0,(anonymous_13)
FNDA:0,(anonymous_14)
FNDA:0,(anonymous_15)
FNDA:0,(anonymous_16)
FNDA:0,(anonymous_17)
FNDA:0,(anonymous_18)
FNDA:0,(anonymous_19)
DA:2,0
DA:3,0
DA:4,0
DA:5,0
DA:6,0
DA:7,0
DA:8,0
DA:9,0
DA:10,0
DA:12,0
DA:13,0
DA:14,0
DA:15,0
DA:16,0
DA:17,0
DA:18,0
DA:19,0
DA:20,0
DA:23,0
DA:54,0
DA:55,0
DA:56,0
DA:57,0
DA:59,0
DA:60,0
DA:61,0
DA:63,0
DA:66,0
DA:67,0
DA:69,0
DA:70,0
DA:73,0
DA:74,0
DA:76,0
DA:77,0
DA:79,0
DA:81,0
DA:82,0
DA:83,0
DA:85,0
DA:86,0
DA:88,0
DA:89,0
DA:91,0
DA:92,0
DA:94,0
DA:95,0
DA:97,0
DA:100,0
DA:103,0
DA:106,0
DA:108,0
DA:112,0
DA:113,0
DA:114,0
DA:117,0
DA:118,0
DA:120,0
DA:122,0
DA:124,0
DA:126,0
DA:128,0
DA:132,0
DA:158,0
DA:171,0
DA:179,0
DA:216,0
DA:219,0
DA:265,0
LF:69
LH:0
BRDA:55,0,0,0
BRDA:55,1,0,0
BRDA:55,1,1,0
BRDA:59,2,0,0
BRDA:69,3,0,0
BRDA:79,4,0,0
BRDA:79,4,1,0
BRDA:82,5,0,0
BRDA:82,5,1,0
BRDA:83,6,0,0
BRDA:83,6,1,0
BRDA:83,6,2,0
BRDA:83,6,3,0
BRDA:83,6,4,0
BRDA:118,7,0,0
BRDA:118,7,1,0
BRDA:118,7,2,0
BRDA:118,7,3,0
BRDA:118,7,4,0
BRDA:168,8,0,0
BRDA:168,8,1,0
BRDA:181,9,0,0
BRDA:181,9,1,0
BRDA:190,10,0,0
BRDA:190,10,1,0
BRDA:201,11,0,0
BRDA:201,11,1,0
BRF:27
BRH:0
end_of_record
TN:
SF:src/components/MedicalRecordsScreen.tsx
FN:7,(anonymous_9)
FN:82,(anonymous_10)
FN:83,(anonymous_11)
FN:84,(anonymous_12)
FN:85,(anonymous_13)
FN:86,(anonymous_14)
FN:89,(anonymous_15)
FN:100,(anonymous_16)
FN:109,(anonymous_17)
FN:112,(anonymous_18)
FN:124,(anonymous_19)
FN:145,(anonymous_20)
FN:152,(anonymous_21)
FN:157,(anonymous_22)
FN:176,(anonymous_23)
FN:211,(anonymous_24)
FNF:16
FNH:0
FNDA:0,(anonymous_9)
FNDA:0,(anonymous_10)
FNDA:0,(anonymous_11)
FNDA:0,(anonymous_12)
FNDA:0,(anonymous_13)
FNDA:0,(anonymous_14)
FNDA:0,(anonymous_15)
FNDA:0,(anonymous_16)
FNDA:0,(anonymous_17)
FNDA:0,(anonymous_18)
FNDA:0,(anonymous_19)
FNDA:0,(anonymous_20)
FNDA:0,(anonymous_21)
FNDA:0,(anonymous_22)
FNDA:0,(anonymous_23)
FNDA:0,(anonymous_24)
DA:2,0
DA:3,0
DA:4,0
DA:5,0
DA:7,0
DA:8,0
DA:9,0
DA:10,0
DA:12,0
DA:80,0
DA:82,0
DA:83,0
DA:84,0
DA:85,0
DA:86,0
DA:89,0
DA:90,0
DA:91,0
DA:92,0
DA:93,0
DA:94,0
DA:95,0
DA:96,0
DA:100,0
DA:101,0
DA:102,0
DA:103,0
DA:104,0
DA:105,0
DA:109,0
DA:110,0
DA:112,0
DA:113,0
DA:114,0
DA:117,0
DA:124,0
DA:145,0
DA:153,0
DA:154,0
DA:157,0
DA:177,0
DA:212,0
DA:251,0
LF:43
LH:0
BRDA:90,0,0,0
BRDA:90,0,1,0
BRDA:90,0,2,0
BRDA:90,0,3,0
BRDA:90,0,4,0
BRDA:90,0,5,0
BRDA:101,1,0,0
BRDA:101,1,1,0
BRDA:101,1,2,0
BRDA:101,1,3,0
BRDA:110,2,0,0
BRDA:110,2,1,0
BRDA:110,2,2,0
BRDA:113,3,0,0
BRDA:113,3,1,0
BRDA:114,4,0,0
BRDA:114,4,1,0
BRDA:159,5,0,0
BRDA:159,5,1,0
BRDA:239,6,0,0
BRDA:239,6,1,0
BRF:21
BRH:0
end_of_record
TN:
SF:src/components/MedicationsScreen.tsx
FN:8,(anonymous_9)
FN:46,(anonymous_10)
FN:47,(anonymous_11)
FN:48,(anonymous_12)
FN:54,(anonymous_13)
FN:56,(anonymous_14)
FN:56,(anonymous_15)
FN:60,(anonymous_16)
FN:83,(anonymous_17)
FN:89,(anonymous_18)
FN:99,(anonymous_19)
FN:115,(anonymous_20)
FN:128,(anonymous_21)
FN:184,(anonymous_22)
FNF:14
FNH:0
FNDA:0,(anonymous_9)
FNDA:0,(anonymous_10)
FNDA:0,(anonymous_11)
FNDA:0,(anonymous_12)
FNDA:0,(anonymous_13)
FNDA:0,(anonymous_14)
FNDA:0,(anonymous_15)
FNDA:0,(anonymous_16)
FNDA:0,(anonymous_17)
FNDA:0,(anonymous_18)
FNDA:0,(anonymous_19)
FNDA:0,(anonymous_20)
FNDA:0,(anonymous_21)
FNDA:0,(anonymous_22)
DA:2,0
DA:3,0
DA:4,0
DA:5,0
DA:8,0
DA:9,0
DA:10,0
DA:46,0
DA:47,0
DA:48,0
DA:49,0
DA:54,0
DA:55,0
DA:56,0
DA:60,0
DA:61,0
DA:64,0
DA:83,0
DA:89,0
DA:100,0
DA:115,0
DA:128,0
DA:184,0
DA:194,0
LF:24
LH:0
BRDA:49,0,0,0
BRDA:49,0,1,0
BRDA:55,1,0,0
BRDA:117,2,0,0
BRDA:117,2,1,0
BRDA:122,3,0,0
BRDA:122,3,1,0
BRDA:144,4,0,0
BRDA:144,4,1,0
BRDA:156,5,0,0
BRDA:156,5,1,0
BRDA:158,6,0,0
BRDA:158,6,1,0
BRDA:163,7,0,0
BRDA:163,7,1,0
BRF:15
BRH:0
end_of_record
TN:
SF:src/components/MobileNavigation.tsx
FN:6,MobileNavigation
FN:22,(anonymous_2)
FN:27,(anonymous_3)
FNF:3
FNH:0
FNDA:0,MobileNavigation
FNDA:0,(anonymous_2)
FNDA:0,(anonymous_3)
DA:2,0
DA:3,0
DA:4,0
DA:6,0
DA:7,0
DA:8,0
DA:10,0
DA:19,0
DA:23,0
DA:24,0
DA:27,0
LF:11
LH:0
BRDA:29,0,0,0
BRDA:29,0,1,0
BRF:2
BRH:0
end_of_record
TN:
SF:src/components/OnboardingCarousel.tsx
FN:35,(anonymous_9)
FN:42,(anonymous_10)
FN:46,(anonymous_11)
FN:257,(anonymous_12)
FN:265,(anonymous_13)
FN:270,(anonymous_14)
FN:274,(anonymous_15)
FN:278,(anonymous_16)
FN:319,(anonymous_17)
FN:343,(anonymous_18)
FN:346,(anonymous_19)
FNF:11
FNH:0
FNDA:0,(anonymous_9)
FNDA:0,(anonymous_10)
FNDA:0,(anonymous_11)
FNDA:0,(anonymous_12)
FNDA:0,(anonymous_13)
FNDA:0,(anonymous_14)
FNDA:0,(anonymous_15)
FNDA:0,(anonymous_16)
FNDA:0,(anonymous_17)
FNDA:0,(anonymous_18)
FNDA:0,(anonymous_19)
DA:1,0
DA:2,0
DA:3,0
DA:4,0
DA:5,0
DA:6,0
DA:19,0
DA:35,0
DA:36,0
DA:37,0
DA:38,0
DA:39,0
DA:42,0
DA:43,0
DA:46,0
DA:47,0
DA:50,0
DA:257,0
DA:258,0
DA:259,0
DA:262,0
DA:263,0
DA:265,0
DA:266,0
DA:270,0
DA:271,0
DA:274,0
DA:275,0
DA:278,0
DA:279,0
DA:282,0
DA:283,0
DA:285,0
DA:320,0
DA:344,0
DA:346,0
DA:388,0
LF:37
LH:0
BRDA:258,0,0,0
BRDA:348,1,0,0
BRDA:348,1,1,0
BRDA:358,2,0,0
BRDA:358,2,1,0
BRF:5
BRH:0
end_of_record
TN:
SF:src/components/PostboxScreen.tsx
FN:7,(anonymous_9)
FN:75,(anonymous_10)
FN:88,(anonymous_11)
FN:89,(anonymous_12)
FN:90,(anonymous_13)
FN:93,(anonymous_14)
FN:109,(anonymous_15)
FN:126,(anonymous_16)
FN:133,(anonymous_17)
FN:136,(anonymous_18)
FN:150,(anonymous_19)
FNF:11
FNH:0
FNDA:0,(anonymous_9)
FNDA:0,(anonymous_10)
FNDA:0,(anonymous_11)
FNDA:0,(anonymous_12)
FNDA:0,(anonymous_13)
FNDA:0,(anonymous_14)
FNDA:0,(anonymous_15)
FNDA:0,(anonymous_16)
FNDA:0,(anonymous_17)
FNDA:0,(anonymous_18)
FNDA:0,(anonymous_19)
DA:2,0
DA:3,0
DA:4,0
DA:5,0
DA:7,0
DA:8,0
DA:9,0
DA:10,0
DA:12,0
DA:75,0
DA:76,0
DA:77,0
DA:78,0
DA:79,0
DA:80,0
DA:81,0
DA:82,0
DA:86,0
DA:88,0
DA:89,0
DA:90,0
DA:93,0
DA:94,0
DA:96,0
DA:100,0
DA:103,0
DA:109,0
DA:126,0
DA:134,0
DA:136,0
DA:151,0
DA:227,0
LF:32
LH:0
BRDA:76,0,0,0
BRDA:76,0,1,0
BRDA:76,0,2,0
BRDA:76,0,3,0
BRDA:76,0,4,0
BRDA:76,0,5,0
BRDA:94,1,0,0
BRDA:94,1,1,0
BRDA:96,2,0,0
BRDA:96,2,1,0
BRDA:96,2,2,0
BRDA:96,2,3,0
BRDA:96,2,4,0
BRDA:96,2,5,0
BRDA:100,3,0,0
BRDA:100,3,1,0
BRDA:138,4,0,0
BRDA:138,4,1,0
BRDA:154,5,0,0
BRDA:154,5,1,0
BRDA:163,6,0,0
BRDA:163,6,1,0
BRDA:164,7,0,0
BRDA:164,7,1,0
BRDA:166,8,0,0
BRDA:166,8,1,0
BRDA:169,9,0,0
BRDA:169,9,1,0
BRDA:181,10,0,0
BRDA:181,10,1,0
BRDA:183,11,0,0
BRDA:183,11,1,0
BRDA:215,12,0,0
BRDA:215,12,1,0
BRF:34
BRH:0
end_of_record
TN:
SF:src/components/ProfileScreen.tsx
FN:7,(anonymous_1)
FN:22,(anonymous_2)
FN:23,(anonymous_3)
FN:24,(anonymous_4)
FN:25,(anonymous_5)
FN:26,(anonymous_6)
FN:29,(anonymous_7)
FN:44,(anonymous_8)
FN:105,(anonymous_9)
FNF:9
FNH:0
FNDA:0,(anonymous_1)
FNDA:0,(anonymous_2)
FNDA:0,(anonymous_3)
FNDA:0,(anonymous_4)
FNDA:0,(anonymous_5)
FNDA:0,(anonymous_6)
FNDA:0,(anonymous_7)
FNDA:0,(anonymous_8)
FNDA:0,(anonymous_9)
DA:2,0
DA:3,0
DA:4,0
DA:5,0
DA:7,0
DA:8,0
DA:9,0
DA:11,0
DA:21,0
DA:29,0
DA:31,0
DA:34,0
DA:37,0
DA:44,0
DA:106,0
DA:152,0
LF:16
LH:0
BRDA:12,0,0,0
BRDA:12,0,1,0
BRDA:13,1,0,0
BRDA:13,1,1,0
BRF:4
BRH:0
end_of_record
TN:
SF:src/components/ResponsiveSearchBar.tsx
FN:21,(anonymous_9)
FN:82,(anonymous_10)
FN:88,(anonymous_11)
FN:99,(anonymous_12)
FN:100,(anonymous_13)
FN:107,(anonymous_14)
FN:110,(anonymous_15)
FN:115,(anonymous_16)
FN:116,(anonymous_17)
FN:123,(anonymous_18)
FN:128,(anonymous_19)
FN:142,(anonymous_20)
FN:146,(anonymous_21)
FN:169,(anonymous_22)
FN:174,(anonymous_23)
FN:206,(anonymous_24)
FN:209,(anonymous_25)
FNF:17
FNH:0
FNDA:0,(anonymous_9)
FNDA:0,(anonymous_10)
FNDA:0,(anonymous_11)
FNDA:0,(anonymous_12)
FNDA:0,(anonymous_13)
FNDA:0,(anonymous_14)
FNDA:0,(anonymous_15)
FNDA:0,(anonymous_16)
FNDA:0,(anonymous_17)
FNDA:0,(anonymous_18)
FNDA:0,(anonymous_19)
FNDA:0,(anonymous_20)
FNDA:0,(anonymous_21)
FNDA:0,(anonymous_22)
FNDA:0,(anonymous_23)
FNDA:0,(anonymous_24)
FNDA:0,(anonymous_25)
DA:2,0
DA:3,0
DA:4,0
DA:21,0
DA:26,0
DA:27,0
DA:28,0
DA:34,0
DA:35,0
DA:38,0
DA:81,0
DA:83,0
DA:88,0
DA:89,0
DA:90,0
DA:91,0
DA:92,0
DA:93,0
DA:94,0
DA:95,0
DA:99,0
DA:100,0
DA:101,0
DA:102,0
DA:106,0
DA:107,0
DA:110,0
DA:111,0
DA:112,0
DA:115,0
DA:116,0
DA:117,0
DA:120,0
DA:123,0
DA:124,0
DA:125,0
DA:128,0
DA:129,0
DA:130,0
DA:133,0
DA:143,0
DA:144,0
DA:146,0
DA:170,0
DA:171,0
DA:174,0
DA:207,0
DA:209,0
DA:245,0
LF:49
LH:0
BRDA:23,0,0,0
BRDA:24,1,0,0
BRDA:81,2,0,0
BRDA:81,2,1,0
BRDA:83,3,0,0
BRDA:83,3,1,0
BRDA:89,4,0,0
BRDA:89,4,1,0
BRDA:89,4,2,0
BRDA:89,4,3,0
BRDA:89,4,4,0
BRDA:89,4,5,0
BRDA:101,5,0,0
BRDA:101,6,0,0
BRDA:101,6,1,0
BRDA:149,7,0,0
BRDA:149,7,1,0
BRDA:159,8,0,0
BRDA:159,8,1,0
BRDA:162,9,0,0
BRDA:162,9,1,0
BRDA:164,10,0,0
BRDA:164,10,1,0
BRDA:182,11,0,0
BRDA:182,11,1,0
BRDA:201,12,0,0
BRDA:201,12,1,0
BRDA:201,12,2,0
BRDA:201,12,3,0
BRDA:222,13,0,0
BRDA:222,13,1,0
BRF:31
BRH:0
end_of_record
TN:
SF:src/components/ResultsScreen.tsx
FN:30,(anonymous_1)
FN:87,(anonymous_2)
FN:129,(anonymous_3)
FN:188,(anonymous_4)
FNF:4
FNH:0
FNDA:0,(anonymous_1)
FNDA:0,(anonymous_2)
FNDA:0,(anonymous_3)
FNDA:0,(anonymous_4)
DA:2,0
DA:3,0
DA:4,0
DA:5,0
DA:7,0
DA:25,0
DA:26,0
DA:27,0
DA:28,0
DA:30,0
DA:31,0
DA:34,0
DA:58,0
DA:68,0
DA:74,0
DA:87,0
DA:130,0
DA:188,0
DA:199,0
LF:19
LH:0
BRF:0
BRH:0
end_of_record
TN:
SF:src/components/RiskAssessmentsScreen.tsx
FN:13,(anonymous_9)
FN:21,(anonymous_10)
FN:22,(anonymous_11)
FN:33,(anonymous_12)
FN:44,(anonymous_13)
FN:45,(anonymous_14)
FN:60,(anonymous_15)
FN:68,(anonymous_16)
FN:74,(anonymous_17)
FN:99,(anonymous_18)
FN:112,(anonymous_19)
FN:125,(anonymous_20)
FN:135,(anonymous_21)
FN:153,(anonymous_22)
FN:163,(anonymous_23)
FN:187,(anonymous_24)
FN:256,(anonymous_25)
FNF:17
FNH:0
FNDA:0,(anonymous_9)
FNDA:0,(anonymous_10)
FNDA:0,(anonymous_11)
FNDA:0,(anonymous_12)
FNDA:0,(anonymous_13)
FNDA:0,(anonymous_14)
FNDA:0,(anonymous_15)
FNDA:0,(anonymous_16)
FNDA:0,(anonymous_17)
FNDA:0,(anonymous_18)
FNDA:0,(anonymous_19)
FNDA:0,(anonymous_20)
FNDA:0,(anonymous_21)
FNDA:0,(anonymous_22)
FNDA:0,(anonymous_23)
FNDA:0,(anonymous_24)
FNDA:0,(anonymous_25)
DA:2,0
DA:3,0
DA:4,0
DA:5,0
DA:6,0
DA:7,0
DA:8,0
DA:9,0
DA:10,0
DA:11,0
DA:13,0
DA:14,0
DA:15,0
DA:16,0
DA:17,0
DA:18,0
DA:19,0
DA:21,0
DA:22,0
DA:23,0
DA:25,0
DA:31,0
DA:32,0
DA:33,0
DA:35,0
DA:37,0
DA:40,0
DA:43,0
DA:44,0
DA:46,0
DA:48,0
DA:50,0
DA:52,0
DA:53,0
DA:56,0
DA:60,0
DA:61,0
DA:62,0
DA:63,0
DA:64,0
DA:68,0
DA:69,0
DA:74,0
DA:75,0
DA:76,0
DA:77,0
DA:78,0
DA:80,0
DA:83,0
DA:84,0
DA:91,0
DA:99,0
DA:112,0
DA:125,0
DA:135,0
DA:153,0
DA:163,0
DA:188,0
DA:257,0
DA:294,0
LF:60
LH:0
BRDA:33,0,0,0
BRDA:33,0,1,0
BRDA:44,1,0,0
BRDA:44,1,1,0
BRDA:46,2,0,0
BRDA:46,2,1,0
BRDA:46,2,2,0
BRDA:46,2,3,0
BRDA:61,3,0,0
BRDA:61,3,1,0
BRDA:61,3,2,0
BRDA:69,4,0,0
BRDA:69,4,1,0
BRDA:75,5,0,0
BRDA:75,5,1,0
BRDA:77,6,0,0
BRDA:83,7,0,0
BRDA:180,8,0,0
BRDA:180,8,1,0
BRDA:198,9,0,0
BRDA:198,9,1,0
BRDA:237,10,0,0
BRDA:237,10,1,0
BRDA:270,11,0,0
BRDA:270,11,1,0
BRDA:270,11,2,0
BRF:26
BRH:0
end_of_record
TN:
SF:src/components/ScanScreen.tsx
FN:11,(anonymous_9)
FN:33,(anonymous_10)
FN:53,(anonymous_11)
FN:55,(anonymous_12)
FN:61,(anonymous_13)
FN:67,(anonymous_14)
FN:69,(anonymous_15)
FN:74,(anonymous_16)
FN:75,(anonymous_17)
FN:78,(anonymous_18)
FN:99,(anonymous_19)
FN:104,(anonymous_20)
FN:110,(anonymous_21)
FN:117,(anonymous_22)
FN:128,(anonymous_23)
FN:132,(anonymous_24)
FN:141,(anonymous_25)
FN:161,(anonymous_26)
FN:170,(anonymous_27)
FN:195,(anonymous_28)
FN:200,(anonymous_29)
FN:216,(anonymous_30)
FN:233,(anonymous_31)
FN:260,(anonymous_32)
FN:289,(anonymous_33)
FN:296,(anonymous_34)
FN:383,(anonymous_35)
FNF:27
FNH:0
FNDA:0,(anonymous_9)
FNDA:0,(anonymous_10)
FNDA:0,(anonymous_11)
FNDA:0,(anonymous_12)
FNDA:0,(anonymous_13)
FNDA:0,(anonymous_14)
FNDA:0,(anonymous_15)
FNDA:0,(anonymous_16)
FNDA:0,(anonymous_17)
FNDA:0,(anonymous_18)
FNDA:0,(anonymous_19)
FNDA:0,(anonymous_20)
FNDA:0,(anonymous_21)
FNDA:0,(anonymous_22)
FNDA:0,(anonymous_23)
FNDA:0,(anonymous_24)
FNDA:0,(anonymous_25)
FNDA:0,(anonymous_26)
FNDA:0,(anonymous_27)
FNDA:0,(anonymous_28)
FNDA:0,(anonymous_29)
FNDA:0,(anonymous_30)
FNDA:0,(anonymous_31)
FNDA:0,(anonymous_32)
FNDA:0,(anonymous_33)
FNDA:0,(anonymous_34)
FNDA:0,(anonymous_35)
DA:1,0
DA:2,0
DA:3,0
DA:4,0
DA:11,0
DA:12,0
DA:13,0
DA:14,0
DA:16,0
DA:17,0
DA:18,0
DA:19,0
DA:20,0
DA:21,0
DA:22,0
DA:23,0
DA:24,0
DA:25,0
DA:26,0
DA:27,0
DA:28,0
DA:29,0
DA:30,0
DA:33,0
DA:34,0
DA:35,0
DA:43,0
DA:44,0
DA:45,0
DA:48,0
DA:49,0
DA:53,0
DA:54,0
DA:55,0
DA:56,0
DA:61,0
DA:62,0
DA:63,0
DA:67,0
DA:68,0
DA:69,0
DA:70,0
DA:74,0
DA:75,0
DA:78,0
DA:79,0
DA:81,0
DA:84,0
DA:85,0
DA:87,0
DA:90,0
DA:92,0
DA:93,0
DA:96,0
DA:97,0
DA:99,0
DA:100,0
DA:104,0
DA:105,0
DA:106,0
DA:107,0
DA:110,0
DA:111,0
DA:112,0
DA:113,0
DA:117,0
DA:118,0
DA:119,0
DA:120,0
DA:121,0
DA:122,0
DA:123,0
DA:124,0
DA:128,0
DA:129,0
DA:132,0
DA:133,0
DA:135,0
DA:137,0
DA:138,0
DA:141,0
DA:142,0
DA:143,0
DA:144,0
DA:145,0
DA:147,0
DA:148,0
DA:149,0
DA:150,0
DA:151,0
DA:154,0
DA:155,0
DA:157,0
DA:161,0
DA:162,0
DA:163,0
DA:165,0
DA:166,0
DA:167,0
DA:170,0
DA:171,0
DA:172,0
DA:173,0
DA:176,0
DA:183,0
DA:184,0
DA:186,0
DA:188,0
DA:189,0
DA:191,0
DA:195,0
DA:196,0
DA:197,0
DA:200,0
DA:201,0
DA:202,0
DA:203,0
DA:207,0
DA:208,0
DA:211,0
DA:216,0
DA:233,0
DA:260,0
DA:289,0
DA:296,0
DA:383,0
DA:402,0
LF:127
LH:0
BRDA:43,0,0,0
BRDA:54,1,0,0
BRDA:62,2,0,0
BRDA:75,3,0,0
BRDA:75,3,1,0
BRDA:79,4,0,0
BRDA:84,5,0,0
BRDA:84,5,1,0
BRDA:87,6,0,0
BRDA:87,6,1,0
BRDA:92,7,0,0
BRDA:96,8,0,0
BRDA:111,9,0,0
BRDA:118,10,0,0
BRDA:118,11,0,0
BRDA:118,11,1,0
BRDA:133,12,0,0
BRDA:133,13,0,0
BRDA:133,13,1,0
BRDA:137,14,0,0
BRDA:147,15,0,0
BRDA:154,16,0,0
BRDA:163,17,0,0
BRDA:207,18,0,0
BRDA:234,19,0,0
BRDA:234,19,1,0
BRDA:243,20,0,0
BRDA:243,20,1,0
BRDA:254,21,0,0
BRDA:254,21,1,0
BRDA:280,22,0,0
BRDA:280,22,1,0
BRDA:280,22,2,0
BRDA:290,23,0,0
BRDA:290,23,1,0
BRDA:297,24,0,0
BRDA:297,24,1,0
BRDA:318,25,0,0
BRDA:318,25,1,0
BRDA:328,26,0,0
BRDA:328,26,1,0
BRDA:328,26,2,0
BRDA:331,27,0,0
BRDA:331,27,1,0
BRDA:351,28,0,0
BRDA:351,28,1,0
BRDA:356,29,0,0
BRDA:356,29,1,0
BRDA:363,30,0,0
BRDA:363,30,1,0
BRF:50
BRH:0
end_of_record
TN:
SF:src/components/SettingsScreen.tsx
FN:2,(anonymous_1)
FNF:1
FNH:0
FNDA:0,(anonymous_1)
DA:2,0
LF:1
LH:0
BRF:0
BRH:0
end_of_record
TN:
SF:src/components/SpecialistScreen.tsx
FN:11,(anonymous_10)
FN:32,(anonymous_11)
FN:147,(anonymous_12)
FN:151,(anonymous_13)
FN:157,(anonymous_14)
FN:165,(anonymous_15)
FN:172,(anonymous_16)
FN:177,(anonymous_17)
FN:180,(anonymous_18)
FN:181,(anonymous_19)
FN:187,(anonymous_20)
FN:193,(anonymous_21)
FN:197,(anonymous_22)
FN:198,(anonymous_23)
FN:203,(anonymous_24)
FN:207,(anonymous_25)
FN:215,(anonymous_26)
FN:218,(anonymous_27)
FN:219,(anonymous_28)
FN:222,(anonymous_29)
FN:231,(anonymous_30)
FN:236,(anonymous_31)
FN:242,(anonymous_32)
FN:256,(anonymous_33)
FN:268,(anonymous_34)
FN:278,(anonymous_35)
FN:291,(anonymous_36)
FN:311,(anonymous_37)
FN:327,(anonymous_38)
FN:337,(anonymous_39)
FN:357,(anonymous_40)
FN:369,(anonymous_41)
FNF:32
FNH:0
FNDA:0,(anonymous_10)
FNDA:0,(anonymous_11)
FNDA:0,(anonymous_12)
FNDA:0,(anonymous_13)
FNDA:0,(anonymous_14)
FNDA:0,(anonymous_15)
FNDA:0,(anonymous_16)
FNDA:0,(anonymous_17)
FNDA:0,(anonymous_18)
FNDA:0,(anonymous_19)
FNDA:0,(anonymous_20)
FNDA:0,(anonymous_21)
FNDA:0,(anonymous_22)
FNDA:0,(anonymous_23)
FNDA:0,(anonymous_24)
FNDA:0,(anonymous_25)
FNDA:0,(anonymous_26)
FNDA:0,(anonymous_27)
FNDA:0,(anonymous_28)
FNDA:0,(anonymous_29)
FNDA:0,(anonymous_30)
FNDA:0,(anonymous_31)
FNDA:0,(anonymous_32)
FNDA:0,(anonymous_33)
FNDA:0,(anonymous_34)
FNDA:0,(anonymous_35)
FNDA:0,(anonymous_36)
FNDA:0,(anonymous_37)
FNDA:0,(anonymous_38)
FNDA:0,(anonymous_39)
FNDA:0,(anonymous_40)
FNDA:0,(anonymous_41)
DA:2,0
DA:3,0
DA:4,0
DA:5,0
DA:6,0
DA:7,0
DA:8,0
DA:11,0
DA:12,0
DA:13,0
DA:14,0
DA:15,0
DA:16,0
DA:17,0
DA:18,0
DA:20,0
DA:32,0
DA:147,0
DA:149,0
DA:150,0
DA:152,0
DA:158,0
DA:164,0
DA:165,0
DA:166,0
DA:167,0
DA:168,0
DA:172,0
DA:174,0
DA:176,0
DA:177,0
DA:180,0
DA:181,0
DA:182,0
DA:186,0
DA:187,0
DA:188,0
DA:192,0
DA:193,0
DA:196,0
DA:197,0
DA:198,0
DA:202,0
DA:203,0
DA:206,0
DA:207,0
DA:208,0
DA:212,0
DA:215,0
DA:216,0
DA:218,0
DA:219,0
DA:220,0
DA:223,0
DA:226,0
DA:227,0
DA:231,0
DA:232,0
DA:236,0
DA:237,0
DA:239,0
DA:242,0
DA:244,0
DA:246,0
DA:249,0
DA:256,0
DA:268,0
DA:278,0
DA:291,0
DA:311,0
DA:327,0
DA:337,0
DA:358,0
DA:369,0
DA:398,0
LF:75
LH:0
BRDA:149,0,0,0
BRDA:176,1,0,0
BRDA:180,2,0,0
BRDA:180,3,0,0
BRDA:180,3,1,0
BRDA:182,4,0,0
BRDA:182,4,1,0
BRDA:186,5,0,0
BRDA:188,6,0,0
BRDA:188,6,1,0
BRDA:192,7,0,0
BRDA:196,8,0,0
BRDA:202,9,0,0
BRDA:206,10,0,0
BRDA:208,11,0,0
BRDA:208,11,1,0
BRDA:220,12,0,0
BRDA:220,12,1,0
BRDA:220,12,2,0
BRDA:270,13,0,0
BRDA:270,13,1,0
BRDA:280,14,0,0
BRDA:280,14,1,0
BRDA:294,15,0,0
BRDA:294,15,1,0
BRDA:320,16,0,0
BRDA:320,16,1,0
BRDA:329,17,0,0
BRDA:329,17,1,0
BRDA:339,18,0,0
BRDA:339,18,1,0
BRDA:350,19,0,0
BRDA:350,19,1,0
BRDA:352,20,0,0
BRDA:352,20,1,0
BRDA:356,21,0,0
BRDA:356,21,1,0
BRF:37
BRH:0
end_of_record
TN:
SF:src/components/TotalScansScreen.tsx
FN:12,(anonymous_9)
FN:22,(anonymous_10)
FN:23,(anonymous_11)
FN:37,(anonymous_12)
FN:38,(anonymous_13)
FN:48,(anonymous_14)
FN:66,(anonymous_15)
FN:75,(anonymous_16)
FN:93,(anonymous_17)
FN:109,(anonymous_18)
FN:117,(anonymous_19)
FN:125,(anonymous_20)
FN:142,(anonymous_21)
FN:148,(anonymous_22)
FN:159,(anonymous_23)
FN:177,(anonymous_24)
FN:196,(anonymous_25)
FNF:17
FNH:0
FNDA:0,(anonymous_9)
FNDA:0,(anonymous_10)
FNDA:0,(anonymous_11)
FNDA:0,(anonymous_12)
FNDA:0,(anonymous_13)
FNDA:0,(anonymous_14)
FNDA:0,(anonymous_15)
FNDA:0,(anonymous_16)
FNDA:0,(anonymous_17)
FNDA:0,(anonymous_18)
FNDA:0,(anonymous_19)
FNDA:0,(anonymous_20)
FNDA:0,(anonymous_21)
FNDA:0,(anonymous_22)
FNDA:0,(anonymous_23)
FNDA:0,(anonymous_24)
FNDA:0,(anonymous_25)
DA:2,0
DA:3,0
DA:4,0
DA:5,0
DA:6,0
DA:7,0
DA:8,0
DA:9,0
DA:10,0
DA:12,0
DA:13,0
DA:14,0
DA:15,0
DA:16,0
DA:17,0
DA:18,0
DA:19,0
DA:20,0
DA:22,0
DA:23,0
DA:24,0
DA:25,0
DA:26,0
DA:27,0
DA:29,0
DA:31,0
DA:34,0
DA:37,0
DA:38,0
DA:39,0
DA:41,0
DA:42,0
DA:44,0
DA:48,0
DA:49,0
DA:51,0
DA:53,0
DA:55,0
DA:56,0
DA:59,0
DA:63,0
DA:66,0
DA:67,0
DA:68,0
DA:69,0
DA:70,0
DA:71,0
DA:75,0
DA:77,0
DA:78,0
DA:85,0
DA:93,0
DA:109,0
DA:117,0
DA:125,0
DA:142,0
DA:148,0
DA:159,0
DA:178,0
DA:197,0
DA:259,0
LF:61
LH:0
BRDA:39,0,0,0
BRDA:39,0,1,0
BRDA:41,1,0,0
BRDA:41,1,1,0
BRDA:42,2,0,0
BRDA:42,2,1,0
BRDA:44,3,0,0
BRDA:44,3,1,0
BRDA:44,3,2,0
BRDA:49,4,0,0
BRDA:49,4,1,0
BRDA:49,4,2,0
BRDA:49,4,3,0
BRDA:67,5,0,0
BRDA:67,5,1,0
BRDA:67,5,2,0
BRDA:67,5,3,0
BRDA:77,6,0,0
BRDA:189,7,0,0
BRDA:189,7,1,0
BRDA:202,8,0,0
BRDA:202,8,1,0
BRDA:238,9,0,0
BRDA:238,9,1,0
BRDA:241,10,0,0
BRDA:241,10,1,0
BRF:26
BRH:0
end_of_record
TN:
SF:src/components/TreatmentsScreen.tsx
FN:16,(anonymous_10)
FN:20,(anonymous_11)
FN:24,(anonymous_12)
FN:29,(anonymous_13)
FN:30,(anonymous_14)
FN:32,(anonymous_15)
FNF:6
FNH:0
FNDA:0,(anonymous_10)
FNDA:0,(anonymous_11)
FNDA:0,(anonymous_12)
FNDA:0,(anonymous_13)
FNDA:0,(anonymous_14)
FNDA:0,(anonymous_15)
DA:2,0
DA:5,0
DA:6,0
DA:7,0
DA:8,0
DA:9,0
DA:10,0
DA:11,0
DA:12,0
DA:13,0
DA:14,0
DA:16,0
DA:17,0
DA:18,0
DA:20,0
DA:21,0
DA:24,0
DA:25,0
DA:29,0
DA:30,0
DA:33,0
DA:38,0
DA:85,0
LF:23
LH:0
BRDA:33,0,0,0
BRDA:33,0,1,0
BRDA:53,1,0,0
BRDA:53,1,1,0
BRDA:54,2,0,0
BRDA:54,2,1,0
BRF:6
BRH:0
end_of_record
TN:
SF:src/components/UploadScreen.tsx
FN:6,(anonymous_9)
FN:17,(anonymous_10)
FN:22,(anonymous_11)
FN:30,(anonymous_12)
FN:47,(anonymous_13)
FN:100,(anonymous_14)
FN:104,(anonymous_15)
FN:118,(anonymous_16)
FN:129,(anonymous_17)
FN:170,(anonymous_18)
FN:176,(anonymous_19)
FNF:11
FNH:0
FNDA:0,(anonymous_9)
FNDA:0,(anonymous_10)
FNDA:0,(anonymous_11)
FNDA:0,(anonymous_12)
FNDA:0,(anonymous_13)
FNDA:0,(anonymous_14)
FNDA:0,(anonymous_15)
FNDA:0,(anonymous_16)
FNDA:0,(anonymous_17)
FNDA:0,(anonymous_18)
FNDA:0,(anonymous_19)
DA:2,0
DA:3,0
DA:4,0
DA:6,0
DA:7,0
DA:8,0
DA:9,0
DA:10,0
DA:11,0
DA:12,0
DA:13,0
DA:15,0
DA:17,0
DA:18,0
DA:19,0
DA:22,0
DA:23,0
DA:24,0
DA:25,0
DA:28,0
DA:30,0
DA:31,0
DA:37,0
DA:41,0
DA:47,0
DA:100,0
DA:105,0
DA:118,0
DA:129,0
DA:170,0
DA:176,0
DA:190,0
LF:32
LH:0
BRDA:23,0,0,0
BRDA:23,1,0,0
BRDA:23,1,1,0
BRDA:79,2,0,0
BRDA:79,2,1,0
BRDA:141,3,0,0
BRDA:141,3,1,0
BRDA:141,3,2,0
BRDA:144,4,0,0
BRDA:144,4,1,0
BRDA:148,5,0,0
BRDA:148,5,1,0
BRF:12
BRH:0
end_of_record
TN:
SF:src/components/UserProfileDropdown.tsx
FN:26,UserProfileDropdown
FN:30,(anonymous_2)
FN:34,(anonymous_3)
FN:38,(anonymous_4)
FN:42,(anonymous_5)
FN:55,(anonymous_6)
FN:58,(anonymous_7)
FNF:7
FNH:0
FNDA:0,UserProfileDropdown
FNDA:0,(anonymous_2)
FNDA:0,(anonymous_3)
FNDA:0,(anonymous_4)
FNDA:0,(anonymous_5)
FNDA:0,(anonymous_6)
FNDA:0,(anonymous_7)
DA:2,0
DA:3,0
DA:4,0
DA:12,0
DA:13,0
DA:14,0
DA:15,0
DA:26,0
DA:27,0
DA:28,0
DA:30,0
DA:31,0
DA:34,0
DA:35,0
DA:38,0
DA:39,0
DA:42,0
DA:44,0
DA:47,0
DA:48,0
DA:52,0
DA:55,0
DA:56,0
DA:58,0
DA:65,0
DA:71,0
LF:26
LH:0
BRDA:47,0,0,0
BRDA:65,1,0,0
BRDA:65,1,1,0
BRDA:65,1,2,0
BRDA:105,2,0,0
BRDA:105,2,1,0
BRF:6
BRH:0
end_of_record
TN:
SF:src/components/WelcomeScreen.tsx
FN:3,(anonymous_1)
FNF:1
FNH:0
FNDA:0,(anonymous_1)
DA:1,0
DA:3,0
DA:4,0
DA:7,0
LF:4
LH:0
BRF:0
BRH:0
end_of_record
TN:
SF:src/components/ai/HealthAssistant.tsx
FN:18,(anonymous_9)
FN:21,(anonymous_10)
FN:35,(anonymous_11)
FN:42,(anonymous_12)
FN:66,(anonymous_13)
FN:83,(anonymous_14)
FN:115,(anonymous_15)
FN:169,(anonymous_16)
FN:203,(anonymous_17)
FN:211,(anonymous_18)
FN:219,(anonymous_19)
FN:237,(anonymous_20)
FN:247,(anonymous_21)
FNF:13
FNH:0
FNDA:0,(anonymous_9)
FNDA:0,(anonymous_10)
FNDA:0,(anonymous_11)
FNDA:0,(anonymous_12)
FNDA:0,(anonymous_13)
FNDA:0,(anonymous_14)
FNDA:0,(anonymous_15)
FNDA:0,(anonymous_16)
FNDA:0,(anonymous_17)
FNDA:0,(anonymous_18)
FNDA:0,(anonymous_19)
FNDA:0,(anonymous_20)
FNDA:0,(anonymous_21)
DA:1,0
DA:2,0
DA:3,0
DA:4,0
DA:5,0
DA:6,0
DA:8,0
DA:9,0
DA:18,0
DA:19,0
DA:21,0
DA:22,0
DA:25,0
DA:28,0
DA:31,0
DA:35,0
DA:36,0
DA:37,0
DA:38,0
DA:39,0
DA:40,0
DA:42,0
DA:43,0
DA:44,0
DA:46,0
DA:47,0
DA:48,0
DA:50,0
DA:51,0
DA:53,0
DA:54,0
DA:56,0
DA:59,0
DA:60,0
DA:62,0
DA:66,0
DA:67,0
DA:69,0
DA:71,0
DA:84,0
DA:116,0
DA:136,0
DA:159,0
DA:170,0
DA:181,0
DA:185,0
DA:203,0
DA:211,0
DA:219,0
DA:237,0
DA:247,0
LF:51
LH:0
BRDA:19,0,0,0
BRDA:19,0,1,0
BRDA:19,0,2,0
BRDA:19,0,3,0
BRDA:44,1,0,0
BRDA:53,2,0,0
BRDA:53,2,1,0
BRDA:56,3,0,0
BRDA:56,3,1,0
BRDA:59,4,0,0
BRDA:59,4,1,0
BRDA:67,5,0,0
BRDA:69,6,0,0
BRDA:69,6,1,0
BRDA:69,6,2,0
BRDA:69,6,3,0
BRDA:93,7,0,0
BRDA:93,7,1,0
BRDA:94,8,0,0
BRDA:94,8,1,0
BRDA:103,9,0,0
BRDA:103,9,1,0
BRDA:104,10,0,0
BRDA:104,10,1,0
BRDA:201,11,0,0
BRDA:201,11,1,0
BRDA:209,12,0,0
BRDA:209,12,1,0
BRDA:217,13,0,0
BRDA:217,13,1,0
BRDA:229,14,0,0
BRDA:229,14,1,0
BRDA:230,15,0,0
BRDA:230,15,1,0
BRDA:231,16,0,0
BRDA:231,16,1,0
BRDA:233,17,0,0
BRDA:233,17,1,0
BRDA:242,18,0,0
BRDA:242,18,1,0
BRDA:255,19,0,0
BRDA:255,19,1,0
BRDA:258,20,0,0
BRDA:258,20,1,0
BRDA:272,21,0,0
BRDA:272,21,1,0
BRF:46
BRH:0
end_of_record
TN:
SF:src/components/analytics/AppointmentsMedications.tsx
FN:11,(anonymous_1)
FN:102,(anonymous_2)
FN:106,(anonymous_3)
FN:107,(anonymous_4)
FN:145,(anonymous_5)
FN:179,(anonymous_6)
FNF:6
FNH:0
FNDA:0,(anonymous_1)
FNDA:0,(anonymous_2)
FNDA:0,(anonymous_3)
FNDA:0,(anonymous_4)
FNDA:0,(anonymous_5)
FNDA:0,(anonymous_6)
DA:2,0
DA:3,0
DA:4,0
DA:5,0
DA:11,0
DA:12,0
DA:19,0
DA:29,0
DA:35,0
DA:41,0
DA:102,0
DA:106,0
DA:107,0
DA:146,0
DA:180,0
LF:15
LH:0
BRF:0
BRH:0
end_of_record
TN:
SF:src/components/analytics/HealthOverview.tsx
FN:11,(anonymous_1)
FN:74,(anonymous_2)
FN:78,(anonymous_3)
FN:79,(anonymous_4)
FN:117,(anonymous_5)
FN:121,(anonymous_6)
FN:127,(anonymous_7)
FNF:7
FNH:0
FNDA:0,(anonymous_1)
FNDA:0,(anonymous_2)
FNDA:0,(anonymous_3)
FNDA:0,(anonymous_4)
FNDA:0,(anonymous_5)
FNDA:0,(anonymous_6)
FNDA:0,(anonymous_7)
DA:2,0
DA:3,0
DA:4,0
DA:5,0
DA:11,0
DA:13,0
DA:24,0
DA:30,0
DA:31,0
DA:32,0
DA:34,0
DA:74,0
DA:78,0
DA:79,0
DA:118,0
DA:121,0
DA:128,0
LF:17
LH:0
BRDA:52,0,0,0
BRDA:52,0,1,0
BRDA:54,1,0,0
BRDA:54,1,1,0
BRDA:58,2,0,0
BRDA:58,2,1,0
BRDA:58,3,0,0
BRDA:58,3,1,0
BRDA:60,4,0,0
BRDA:60,4,1,0
BRDA:101,5,0,0
BRDA:101,5,1,0
BRF:12
BRH:0
end_of_record
TN:
SF:src/components/analytics/HealthScoreCard.tsx
FN:30,HealthScoreCard
FN:37,(anonymous_10)
FN:56,(anonymous_11)
FN:60,(anonymous_12)
FN:66,(anonymous_13)
FN:72,(anonymous_14)
FN:81,(anonymous_15)
FN:92,(anonymous_16)
FN:111,(anonymous_17)
FN:248,(anonymous_18)
FN:261,(anonymous_19)
FN:281,(anonymous_20)
FN:308,(anonymous_21)
FN:327,(anonymous_22)
FNF:14
FNH:0
FNDA:0,HealthScoreCard
FNDA:0,(anonymous_10)
FNDA:0,(anonymous_11)
FNDA:0,(anonymous_12)
FNDA:0,(anonymous_13)
FNDA:0,(anonymous_14)
FNDA:0,(anonymous_15)
FNDA:0,(anonymous_16)
FNDA:0,(anonymous_17)
FNDA:0,(anonymous_18)
FNDA:0,(anonymous_19)
FNDA:0,(anonymous_20)
FNDA:0,(anonymous_21)
FNDA:0,(anonymous_22)
DA:1,0
DA:2,0
DA:3,0
DA:4,0
DA:5,0
DA:6,0
DA:7,0
DA:8,0
DA:23,0
DA:30,0
DA:31,0
DA:32,0
DA:33,0
DA:34,0
DA:35,0
DA:37,0
DA:38,0
DA:39,0
DA:40,0
DA:46,0
DA:47,0
DA:48,0
DA:50,0
DA:52,0
DA:56,0
DA:57,0
DA:60,0
DA:61,0
DA:62,0
DA:63,0
DA:66,0
DA:67,0
DA:68,0
DA:69,0
DA:72,0
DA:73,0
DA:74,0
DA:75,0
DA:76,0
DA:77,0
DA:81,0
DA:82,0
DA:84,0
DA:86,0
DA:88,0
DA:92,0
DA:93,0
DA:95,0
DA:97,0
DA:99,0
DA:101,0
DA:103,0
DA:105,0
DA:107,0
DA:111,0
DA:112,0
DA:113,0
DA:114,0
DA:115,0
DA:116,0
DA:120,0
DA:121,0
DA:138,0
DA:139,0
DA:153,0
DA:249,0
DA:262,0
DA:282,0
DA:309,0
DA:328,0
LF:70
LH:0
BRDA:61,0,0,0
BRDA:62,1,0,0
BRDA:67,2,0,0
BRDA:68,3,0,0
BRDA:73,4,0,0
BRDA:73,4,1,0
BRDA:73,4,2,0
BRDA:73,4,3,0
BRDA:82,5,0,0
BRDA:82,5,1,0
BRDA:82,5,2,0
BRDA:93,6,0,0
BRDA:93,6,1,0
BRDA:93,6,2,0
BRDA:93,6,3,0
BRDA:93,6,4,0
BRDA:93,6,5,0
BRDA:93,6,6,0
BRDA:112,7,0,0
BRDA:112,7,1,0
BRDA:112,7,2,0
BRDA:112,7,3,0
BRDA:120,8,0,0
BRDA:138,9,0,0
BRDA:244,10,0,0
BRDA:244,10,1,0
BRDA:288,11,0,0
BRDA:288,11,1,0
BRDA:291,12,0,0
BRDA:291,12,1,0
BRDA:294,13,0,0
BRDA:294,13,1,0
BRF:32
BRH:0
end_of_record
TN:
SF:src/components/analytics/ImagingStats.tsx
FN:11,(anonymous_1)
FN:47,(anonymous_2)
FN:69,(anonymous_3)
FN:115,(anonymous_4)
FNF:4
FNH:0
FNDA:0,(anonymous_1)
FNDA:0,(anonymous_2)
FNDA:0,(anonymous_3)
FNDA:0,(anonymous_4)
DA:2,0
DA:3,0
DA:4,0
DA:5,0
DA:11,0
DA:12,0
DA:20,0
DA:26,0
DA:47,0
DA:70,0
DA:116,0
LF:11
LH:0
BRDA:37,0,0,0
BRDA:37,0,1,0
BRDA:47,1,0,0
BRDA:47,1,1,0
BRDA:119,2,0,0
BRDA:119,2,1,0
BRDA:121,3,0,0
BRDA:121,3,1,0
BRDA:134,4,0,0
BRDA:134,4,1,0
BRDA:136,5,0,0
BRDA:136,5,1,0
BRF:12
BRH:0
end_of_record
TN:
SF:src/components/analytics/MetricsDashboard.tsx
FN:14,(anonymous_9)
FN:23,(anonymous_10)
FN:24,(anonymous_11)
FN:76,(anonymous_12)
FN:81,(anonymous_13)
FN:87,(anonymous_14)
FN:92,(anonymous_15)
FN:97,(anonymous_16)
FN:102,(anonymous_17)
FN:108,(anonymous_18)
FN:190,(anonymous_19)
FN:194,(anonymous_20)
FN:195,(anonymous_21)
FN:221,(anonymous_22)
FN:225,(anonymous_23)
FN:265,(anonymous_24)
FN:269,(anonymous_25)
FN:300,(anonymous_26)
FN:304,(anonymous_27)
FN:336,(anonymous_28)
FN:340,(anonymous_29)
FN:365,(anonymous_30)
FN:369,(anonymous_31)
FNF:23
FNH:0
FNDA:0,(anonymous_9)
FNDA:0,(anonymous_10)
FNDA:0,(anonymous_11)
FNDA:0,(anonymous_12)
FNDA:0,(anonymous_13)
FNDA:0,(anonymous_14)
FNDA:0,(anonymous_15)
FNDA:0,(anonymous_16)
FNDA:0,(anonymous_17)
FNDA:0,(anonymous_18)
FNDA:0,(anonymous_19)
FNDA:0,(anonymous_20)
FNDA:0,(anonymous_21)
FNDA:0,(anonymous_22)
FNDA:0,(anonymous_23)
FNDA:0,(anonymous_24)
FNDA:0,(anonymous_25)
FNDA:0,(anonymous_26)
FNDA:0,(anonymous_27)
FNDA:0,(anonymous_28)
FNDA:0,(anonymous_29)
FNDA:0,(anonymous_30)
FNDA:0,(anonymous_31)
DA:2,0
DA:3,0
DA:4,0
DA:5,0
DA:6,0
DA:14,0
DA:19,0
DA:20,0
DA:21,0
DA:23,0
DA:24,0
DA:25,0
DA:26,0
DA:27,0
DA:29,0
DA:30,0
DA:31,0
DA:33,0
DA:39,0
DA:41,0
DA:42,0
DA:44,0
DA:48,0
DA:51,0
DA:52,0
DA:60,0
DA:61,0
DA:71,0
DA:72,0
DA:76,0
DA:81,0
DA:87,0
DA:92,0
DA:97,0
DA:102,0
DA:108,0
DA:125,0
DA:131,0
DA:169,0
DA:173,0
DA:190,0
DA:194,0
DA:195,0
DA:221,0
DA:225,0
DA:265,0
DA:269,0
DA:300,0
DA:304,0
DA:336,0
DA:340,0
DA:365,0
DA:369,0
LF:53
LH:0
BRDA:17,0,0,0
BRDA:30,1,0,0
BRDA:30,1,1,0
BRDA:30,2,0,0
BRDA:30,2,1,0
BRDA:51,3,0,0
BRDA:60,4,0,0
BRDA:71,5,0,0
BRDA:151,6,0,0
BRDA:151,6,1,0
BRDA:153,7,0,0
BRDA:153,7,1,0
BRDA:157,8,0,0
BRDA:157,8,1,0
BRDA:157,9,0,0
BRDA:157,9,1,0
BRDA:159,10,0,0
BRDA:159,10,1,0
BRDA:169,11,0,0
BRDA:169,12,0,0
BRDA:169,12,1,0
BRDA:176,13,0,0
BRDA:176,13,1,0
BRDA:176,13,2,0
BRDA:207,14,0,0
BRDA:207,14,1,0
BRDA:207,14,2,0
BRDA:251,15,0,0
BRDA:251,15,1,0
BRDA:251,15,2,0
BRDA:286,16,0,0
BRDA:286,16,1,0
BRDA:286,16,2,0
BRDA:351,17,0,0
BRDA:351,17,1,0
BRDA:351,17,2,0
BRDA:371,18,0,0
BRDA:371,18,1,0
BRF:38
BRH:0
end_of_record
TN:
SF:src/components/analytics/RescanCompliance.tsx
FN:11,(anonymous_1)
FN:41,(anonymous_2)
FN:125,(anonymous_3)
FN:154,(anonymous_4)
FN:158,(anonymous_5)
FN:159,(anonymous_6)
FN:182,(anonymous_7)
FN:220,(anonymous_8)
FNF:8
FNH:0
FNDA:0,(anonymous_1)
FNDA:0,(anonymous_2)
FNDA:0,(anonymous_3)
FNDA:0,(anonymous_4)
FNDA:0,(anonymous_5)
FNDA:0,(anonymous_6)
FNDA:0,(anonymous_7)
FNDA:0,(anonymous_8)
DA:2,0
DA:3,0
DA:4,0
DA:5,0
DA:11,0
DA:12,0
DA:19,0
DA:29,0
DA:35,0
DA:41,0
DA:42,0
DA:43,0
DA:44,0
DA:45,0
DA:46,0
DA:50,0
DA:51,0
DA:53,0
DA:125,0
DA:154,0
DA:158,0
DA:159,0
DA:183,0
DA:221,0
LF:24
LH:0
BRDA:42,0,0,0
BRDA:42,0,1,0
BRDA:42,0,2,0
BRDA:42,0,3,0
BRDA:126,1,0,0
BRDA:126,1,1,0
BRDA:127,2,0,0
BRDA:127,2,1,0
BRDA:127,3,0,0
BRDA:127,3,1,0
BRDA:159,4,0,0
BRDA:159,4,1,0
BRDA:191,5,0,0
BRDA:191,5,1,0
BRF:14
BRH:0
end_of_record
TN:
SF:src/components/analytics/RiskPredictions.tsx
FN:11,(anonymous_1)
FNF:1
FNH:0
FNDA:0,(anonymous_1)
DA:2,0
DA:3,0
DA:4,0
DA:5,0
DA:11,0
DA:12,0
DA:18,0
DA:25,0
DA:55,0
LF:9
LH:0
BRF:0
BRH:0
end_of_record
TN:
SF:src/components/analytics/SequenceAnalyzer.tsx
FN:9,(anonymous_1)
FNF:1
FNH:0
FNDA:0,(anonymous_1)
DA:1,0
DA:2,0
DA:3,0
DA:9,0
DA:10,0
LF:5
LH:0
BRF:0
BRH:0
end_of_record
TN:
SF:src/components/analytics/risk/RiskAlerts.tsx
FN:21,(anonymous_1)
FN:35,(anonymous_2)
FNF:2
FNH:0
FNDA:0,(anonymous_1)
FNDA:0,(anonymous_2)
DA:2,0
DA:3,0
DA:4,0
DA:5,0
DA:21,0
DA:22,0
DA:36,0
LF:7
LH:0
BRF:0
BRH:0
end_of_record
TN:
SF:src/components/analytics/risk/RiskDistributionChart.tsx
FN:18,(anonymous_1)
FN:42,(anonymous_2)
FN:46,(anonymous_3)
FN:52,(anonymous_4)
FNF:4
FNH:0
FNDA:0,(anonymous_1)
FNDA:0,(anonymous_2)
FNDA:0,(anonymous_3)
FNDA:0,(anonymous_4)
DA:2,0
DA:3,0
DA:4,0
DA:5,0
DA:18,0
DA:19,0
DA:43,0
DA:46,0
DA:53,0
LF:9
LH:0
BRF:0
BRH:0
end_of_record
TN:
SF:src/components/analytics/risk/RiskProgressionChart.tsx
FN:21,(anonymous_9)
FN:29,(anonymous_10)
FN:30,(anonymous_11)
FN:59,(anonymous_12)
FN:63,(anonymous_13)
FN:75,(anonymous_14)
FN:81,(anonymous_15)
FN:146,(anonymous_16)
FN:150,(anonymous_17)
FN:151,(anonymous_18)
FNF:10
FNH:0
FNDA:0,(anonymous_9)
FNDA:0,(anonymous_10)
FNDA:0,(anonymous_11)
FNDA:0,(anonymous_12)
FNDA:0,(anonymous_13)
FNDA:0,(anonymous_14)
FNDA:0,(anonymous_15)
FNDA:0,(anonymous_16)
FNDA:0,(anonymous_17)
FNDA:0,(anonymous_18)
DA:2,0
DA:3,0
DA:4,0
DA:5,0
DA:6,0
DA:21,0
DA:25,0
DA:26,0
DA:27,0
DA:29,0
DA:30,0
DA:31,0
DA:32,0
DA:33,0
DA:35,0
DA:36,0
DA:37,0
DA:39,0
DA:46,0
DA:47,0
DA:49,0
DA:50,0
DA:52,0
DA:56,0
DA:59,0
DA:61,0
DA:63,0
DA:64,0
DA:65,0
DA:66,0
DA:69,0
DA:70,0
DA:74,0
DA:75,0
DA:81,0
DA:84,0
DA:85,0
DA:106,0
DA:107,0
DA:129,0
DA:146,0
DA:150,0
DA:152,0
DA:153,0
LF:44
LH:0
BRDA:22,0,0,0
BRDA:23,1,0,0
BRDA:36,2,0,0
BRDA:36,2,1,0
BRDA:36,3,0,0
BRDA:36,3,1,0
BRDA:65,4,0,0
BRDA:77,5,0,0
BRDA:77,5,1,0
BRDA:78,6,0,0
BRDA:78,6,1,0
BRDA:79,7,0,0
BRDA:79,7,1,0
BRDA:84,8,0,0
BRDA:106,9,0,0
BRF:15
BRH:0
end_of_record
TN:
SF:src/components/analytics/risk/riskUtils.tsx
FN:5,(anonymous_1)
FN:14,(anonymous_2)
FNF:2
FNH:0
FNDA:0,(anonymous_1)
FNDA:0,(anonymous_2)
DA:2,0
DA:3,0
DA:5,0
DA:6,0
DA:7,0
DA:8,0
DA:9,0
DA:10,0
DA:14,0
DA:15,0
DA:16,0
DA:17,0
DA:18,0
DA:19,0
LF:14
LH:0
BRDA:6,0,0,0
BRDA:6,0,1,0
BRDA:6,0,2,0
BRDA:6,0,3,0
BRDA:15,1,0,0
BRDA:15,1,1,0
BRDA:15,1,2,0
BRDA:15,1,3,0
BRF:8
BRH:0
end_of_record
TN:
SF:src/components/appointments/AppointmentCalendar.tsx
FN:19,(anonymous_1)
FN:64,(anonymous_2)
FN:74,(anonymous_3)
FN:84,(anonymous_4)
FN:99,(anonymous_5)
FN:112,(anonymous_6)
FNF:6
FNH:0
FNDA:0,(anonymous_1)
FNDA:0,(anonymous_2)
FNDA:0,(anonymous_3)
FNDA:0,(anonymous_4)
FNDA:0,(anonymous_5)
FNDA:0,(anonymous_6)
DA:2,0
DA:3,0
DA:4,0
DA:5,0
DA:6,0
DA:7,0
DA:8,0
DA:19,0
DA:28,0
DA:64,0
DA:65,0
DA:71,0
DA:74,0
DA:75,0
DA:81,0
DA:84,0
DA:85,0
DA:87,0
DA:88,0
DA:91,0
DA:99,0
DA:113,0
LF:22
LH:0
BRDA:71,0,0,0
BRDA:71,0,1,0
BRDA:81,1,0,0
BRDA:81,1,1,0
BRDA:85,2,0,0
BRDA:85,2,1,0
BRDA:87,3,0,0
BRDA:87,3,1,0
BRDA:88,4,0,0
BRDA:88,4,1,0
BRDA:99,5,0,0
BRDA:99,5,1,0
BRDA:124,6,0,0
BRDA:124,6,1,0
BRDA:166,7,0,0
BRDA:166,7,1,0
BRF:16
BRH:0
end_of_record
TN:
SF:src/components/appointments/AppointmentFilters.tsx
FN:13,(anonymous_1)
FNF:1
FNH:0
FNDA:0,(anonymous_1)
DA:2,0
DA:3,0
DA:4,0
DA:13,0
DA:19,0
LF:5
LH:0
BRF:0
BRH:0
end_of_record
TN:
SF:src/components/appointments/AppointmentOverview.tsx
FN:7,(anonymous_1)
FN:26,(anonymous_2)
FNF:2
FNH:0
FNDA:0,(anonymous_1)
FNDA:0,(anonymous_2)
DA:2,0
DA:3,0
DA:4,0
DA:5,0
DA:7,0
DA:9,0
DA:17,0
DA:26,0
DA:27,0
DA:33,0
DA:36,0
LF:11
LH:0
BRDA:33,0,0,0
BRDA:33,0,1,0
BRF:2
BRH:0
end_of_record
TN:
SF:src/components/appointments/AppointmentReminders.tsx
FN:8,(anonymous_1)
FN:35,(anonymous_2)
FN:44,(anonymous_3)
FN:67,(anonymous_4)
FNF:4
FNH:0
FNDA:0,(anonymous_1)
FNDA:0,(anonymous_2)
FNDA:0,(anonymous_3)
FNDA:0,(anonymous_4)
DA:2,0
DA:3,0
DA:4,0
DA:5,0
DA:6,0
DA:8,0
DA:9,0
DA:35,0
DA:36,0
DA:41,0
DA:44,0
DA:45,0
DA:47,0
DA:49,0
DA:51,0
DA:53,0
DA:57,0
DA:68,0
LF:18
LH:0
BRDA:41,0,0,0
BRDA:41,0,1,0
BRDA:45,1,0,0
BRDA:45,1,1,0
BRDA:45,1,2,0
BRDA:45,1,3,0
BRDA:78,2,0,0
BRDA:78,2,1,0
BRF:8
BRH:0
end_of_record
TN:
SF:src/components/appointments/NewAppointmentDialog.tsx
FN:21,(anonymous_9)
FN:36,(anonymous_10)
FN:71,(anonymous_11)
FN:79,(anonymous_12)
FN:112,(anonymous_13)
FN:125,(anonymous_14)
FN:132,(anonymous_15)
FN:152,(anonymous_16)
FN:162,(anonymous_17)
FN:173,(anonymous_18)
FN:184,(anonymous_19)
FN:193,(anonymous_20)
FN:199,(anonymous_21)
FN:229,(anonymous_22)
FNF:14
FNH:0
FNDA:0,(anonymous_9)
FNDA:0,(anonymous_10)
FNDA:0,(anonymous_11)
FNDA:0,(anonymous_12)
FNDA:0,(anonymous_13)
FNDA:0,(anonymous_14)
FNDA:0,(anonymous_15)
FNDA:0,(anonymous_16)
FNDA:0,(anonymous_17)
FNDA:0,(anonymous_18)
FNDA:0,(anonymous_19)
FNDA:0,(anonymous_20)
FNDA:0,(anonymous_21)
FNDA:0,(anonymous_22)
DA:2,0
DA:3,0
DA:4,0
DA:5,0
DA:6,0
DA:7,0
DA:8,0
DA:9,0
DA:10,0
DA:11,0
DA:12,0
DA:13,0
DA:14,0
DA:21,0
DA:22,0
DA:36,0
DA:37,0
DA:38,0
DA:40,0
DA:42,0
DA:57,0
DA:71,0
DA:79,0
DA:112,0
DA:125,0
DA:132,0
DA:152,0
DA:162,0
DA:173,0
DA:184,0
DA:193,0
DA:199,0
DA:229,0
LF:33
LH:0
BRDA:101,0,0,0
BRDA:101,0,1,0
BRDA:105,1,0,0
BRDA:105,1,1,0
BRDA:198,2,0,0
BRDA:198,2,1,0
BRF:6
BRH:0
end_of_record
TN:
SF:src/components/auth/RoleBasedRoute.tsx
FN:12,RoleBasedRoute
FN:55,PatientRoute
FN:63,ProviderRoute
FN:71,EngineerRoute
FN:79,AdminRoute
FN:88,MultiRoleRoute
FNF:6
FNH:0
FNDA:0,RoleBasedRoute
FNDA:0,PatientRoute
FNDA:0,ProviderRoute
FNDA:0,EngineerRoute
FNDA:0,AdminRoute
FNDA:0,MultiRoleRoute
DA:1,0
DA:2,0
DA:3,0
DA:12,0
DA:17,0
DA:18,0
DA:21,0
DA:22,0
DA:33,0
DA:34,0
DA:38,0
DA:40,0
DA:47,0
DA:48,0
DA:51,0
DA:55,0
DA:56,0
DA:63,0
DA:64,0
DA:71,0
DA:72,0
DA:79,0
DA:80,0
DA:88,0
DA:95,0
LF:25
LH:0
BRDA:15,0,0,0
BRDA:21,1,0,0
BRDA:33,2,0,0
BRDA:38,3,0,0
BRDA:38,4,0,0
BRDA:38,4,1,0
BRDA:47,5,0,0
BRDA:47,5,1,0
BRF:8
BRH:0
end_of_record
TN:
SF:src/components/compliance/ComplianceDashboard.tsx
FN:35,(anonymous_9)
FN:49,(anonymous_10)
FN:53,(anonymous_11)
FN:70,(anonymous_12)
FN:91,(anonymous_13)
FN:107,(anonymous_14)
FN:254,(anonymous_15)
FN:302,(anonymous_16)
FN:345,(anonymous_17)
FNF:9
FNH:0
FNDA:0,(anonymous_9)
FNDA:0,(anonymous_10)
FNDA:0,(anonymous_11)
FNDA:0,(anonymous_12)
FNDA:0,(anonymous_13)
FNDA:0,(anonymous_14)
FNDA:0,(anonymous_15)
FNDA:0,(anonymous_16)
FNDA:0,(anonymous_17)
DA:1,0
DA:2,0
DA:3,0
DA:4,0
DA:5,0
DA:6,0
DA:7,0
DA:8,0
DA:9,0
DA:22,0
DA:23,0
DA:24,0
DA:35,0
DA:36,0
DA:44,0
DA:45,0
DA:46,0
DA:47,0
DA:49,0
DA:50,0
DA:53,0
DA:54,0
DA:55,0
DA:58,0
DA:59,0
DA:62,0
DA:63,0
DA:66,0
DA:67,0
DA:70,0
DA:71,0
DA:74,0
DA:76,0
DA:85,0
DA:87,0
DA:91,0
DA:92,0
DA:95,0
DA:98,0
DA:99,0
DA:102,0
DA:104,0
DA:107,0
DA:108,0
DA:109,0
DA:110,0
DA:113,0
DA:115,0
DA:116,0
DA:126,0
DA:255,0
DA:303,0
DA:346,0
DA:392,0
LF:54
LH:0
BRDA:71,0,0,0
BRDA:71,0,1,0
BRDA:108,1,0,0
BRDA:109,2,0,0
BRDA:115,3,0,0
BRDA:261,4,0,0
BRDA:261,4,1,0
BRDA:262,5,0,0
BRDA:262,5,1,0
BRDA:282,6,0,0
BRDA:282,6,1,0
BRDA:305,7,0,0
BRDA:305,7,1,0
BRDA:306,8,0,0
BRDA:306,8,1,0
BRDA:369,9,0,0
BRDA:369,9,1,0
BRF:17
BRH:0
end_of_record
TN:
SF:src/components/diet/MealLogging.tsx
FN:14,(anonymous_9)
FN:35,(anonymous_10)
FN:84,(anonymous_11)
FN:96,(anonymous_12)
FN:102,(anonymous_13)
FN:123,(anonymous_14)
FN:143,(anonymous_15)
FN:149,(anonymous_16)
FN:168,(anonymous_17)
FNF:9
FNH:0
FNDA:0,(anonymous_9)
FNDA:0,(anonymous_10)
FNDA:0,(anonymous_11)
FNDA:0,(anonymous_12)
FNDA:0,(anonymous_13)
FNDA:0,(anonymous_14)
FNDA:0,(anonymous_15)
FNDA:0,(anonymous_16)
FNDA:0,(anonymous_17)
DA:2,0
DA:3,0
DA:4,0
DA:5,0
DA:6,0
DA:8,0
DA:14,0
DA:15,0
DA:16,0
DA:18,0
DA:27,0
DA:33,0
DA:35,0
DA:36,0
DA:39,0
DA:84,0
DA:97,0
DA:102,0
DA:124,0
DA:144,0
DA:149,0
DA:169,0
LF:22
LH:0
BRDA:93,0,0,0
BRDA:93,0,1,0
BRDA:171,1,0,0
BRDA:171,1,1,0
BRDA:172,2,0,0
BRDA:172,2,1,0
BRDA:173,3,0,0
BRDA:173,3,1,0
BRF:8
BRH:0
end_of_record
TN:
SF:src/components/diet/NutrientTracker.tsx
FN:22,(anonymous_1)
FN:26,(anonymous_2)
FN:34,(anonymous_3)
FN:44,(anonymous_4)
FN:109,(anonymous_5)
FN:138,(anonymous_6)
FN:210,(anonymous_7)
FNF:7
FNH:0
FNDA:0,(anonymous_1)
FNDA:0,(anonymous_2)
FNDA:0,(anonymous_3)
FNDA:0,(anonymous_4)
FNDA:0,(anonymous_5)
FNDA:0,(anonymous_6)
FNDA:0,(anonymous_7)
DA:2,0
DA:3,0
DA:4,0
DA:5,0
DA:6,0
DA:22,0
DA:26,0
DA:27,0
DA:28,0
DA:29,0
DA:30,0
DA:31,0
DA:34,0
DA:35,0
DA:36,0
DA:37,0
DA:38,0
DA:39,0
DA:40,0
DA:44,0
DA:45,0
DA:46,0
DA:47,0
DA:50,0
DA:101,0
DA:109,0
DA:139,0
DA:140,0
DA:141,0
DA:143,0
DA:211,0
LF:31
LH:0
BRDA:28,0,0,0
BRDA:29,1,0,0
BRDA:30,2,0,0
BRDA:35,3,0,0
BRDA:35,3,1,0
BRDA:35,3,2,0
BRDA:35,3,3,0
BRDA:35,3,4,0
BRDA:45,4,0,0
BRDA:46,5,0,0
BRDA:174,6,0,0
BRDA:174,6,1,0
BRDA:184,7,0,0
BRDA:184,7,1,0
BRDA:215,8,0,0
BRDA:215,8,1,0
BRDA:217,9,0,0
BRDA:217,9,1,0
BRF:18
BRH:0
end_of_record
TN:
SF:src/components/diet/PersonalizedMealPlan.tsx
FN:22,(anonymous_1)
FN:23,(anonymous_2)
FN:30,(anonymous_3)
FN:77,(anonymous_4)
FN:83,(anonymous_5)
FNF:5
FNH:0
FNDA:0,(anonymous_1)
FNDA:0,(anonymous_2)
FNDA:0,(anonymous_3)
FNDA:0,(anonymous_4)
FNDA:0,(anonymous_5)
DA:2,0
DA:3,0
DA:4,0
DA:5,0
DA:6,0
DA:22,0
DA:23,0
DA:24,0
DA:25,0
DA:26,0
DA:27,0
DA:30,0
DA:31,0
DA:32,0
DA:34,0
DA:37,0
DA:78,0
DA:84,0
LF:18
LH:0
BRDA:24,0,0,0
BRDA:25,1,0,0
BRDA:26,2,0,0
BRDA:32,3,0,0
BRDA:32,3,1,0
BRDA:33,4,0,0
BRDA:33,4,1,0
BRF:7
BRH:0
end_of_record
TN:
SF:src/components/diet/SmartSuggestions.tsx
FN:23,(anonymous_1)
FN:28,(anonymous_2)
FN:146,(anonymous_3)
FN:184,(anonymous_4)
FNF:4
FNH:0
FNDA:0,(anonymous_1)
FNDA:0,(anonymous_2)
FNDA:0,(anonymous_3)
FNDA:0,(anonymous_4)
DA:2,0
DA:3,0
DA:4,0
DA:5,0
DA:6,0
DA:23,0
DA:28,0
DA:29,0
DA:32,0
DA:33,0
DA:34,0
DA:46,0
DA:47,0
DA:48,0
DA:60,0
DA:61,0
DA:62,0
DA:74,0
DA:75,0
DA:76,0
DA:88,0
DA:89,0
DA:100,0
DA:103,0
DA:127,0
DA:129,0
DA:147,0
DA:185,0
LF:28
LH:0
BRDA:26,0,0,0
BRDA:33,1,0,0
BRDA:47,2,0,0
BRDA:61,3,0,0
BRDA:75,4,0,0
BRDA:75,5,0,0
BRDA:75,5,1,0
BRDA:88,6,0,0
BRDA:157,7,0,0
BRDA:157,7,1,0
BRDA:158,8,0,0
BRDA:158,8,1,0
BRDA:175,9,0,0
BRDA:175,9,1,0
BRDA:203,10,0,0
BRDA:203,10,1,0
BRF:16
BRH:0
end_of_record
TN:
SF:src/components/diet/WeeklyMenu.tsx
FN:25,(anonymous_9)
FN:38,(anonymous_10)
FN:48,(anonymous_11)
FN:49,(anonymous_12)
FN:66,(anonymous_13)
FN:70,(anonymous_14)
FN:105,(anonymous_15)
FNF:7
FNH:0
FNDA:0,(anonymous_9)
FNDA:0,(anonymous_10)
FNDA:0,(anonymous_11)
FNDA:0,(anonymous_12)
FNDA:0,(anonymous_13)
FNDA:0,(anonymous_14)
FNDA:0,(anonymous_15)
DA:2,0
DA:3,0
DA:4,0
DA:5,0
DA:6,0
DA:25,0
DA:26,0
DA:28,0
DA:38,0
DA:39,0
DA:40,0
DA:41,0
DA:42,0
DA:43,0
DA:44,0
DA:48,0
DA:49,0
DA:51,0
DA:67,0
DA:70,0
DA:106,0
LF:21
LH:0
BRDA:39,0,0,0
BRDA:39,0,1,0
BRDA:39,0,2,0
BRDA:39,0,3,0
BRDA:39,0,4,0
BRDA:69,1,0,0
BRDA:69,1,1,0
BRDA:106,2,0,0
BRDA:106,2,1,0
BRDA:124,3,0,0
BRDA:124,3,1,0
BRF:11
BRH:0
end_of_record
TN:
SF:src/components/engineer/EngineerDashboard.tsx
FN:30,EngineerDashboard
FN:127,(anonymous_2)
FN:140,(anonymous_3)
FN:176,(anonymous_4)
FN:214,(anonymous_5)
FN:253,(anonymous_6)
FNF:6
FNH:0
FNDA:0,EngineerDashboard
FNDA:0,(anonymous_2)
FNDA:0,(anonymous_3)
FNDA:0,(anonymous_4)
FNDA:0,(anonymous_5)
FNDA:0,(anonymous_6)
DA:1,0
DA:2,0
DA:3,0
DA:4,0
DA:5,0
DA:6,0
DA:28,0
DA:30,0
DA:31,0
DA:34,0
DA:73,0
DA:100,0
DA:127,0
DA:128,0
DA:130,0
DA:132,0
DA:134,0
DA:136,0
DA:140,0
DA:141,0
DA:143,0
DA:145,0
DA:147,0
DA:149,0
DA:153,0
DA:177,0
DA:215,0
DA:254,0
LF:28
LH:0
BRDA:128,0,0,0
BRDA:128,0,1,0
BRDA:128,0,2,0
BRDA:128,0,3,0
BRDA:141,1,0,0
BRDA:141,1,1,0
BRDA:141,1,2,0
BRDA:141,1,3,0
BRDA:161,2,0,0
BRDA:161,2,1,0
BRDA:189,3,0,0
BRDA:189,3,1,0
BRDA:217,4,0,0
BRDA:217,4,1,0
BRF:14
BRH:0
end_of_record
TN:
SF:src/components/findcare/CheckboxFilterSection.tsx
FN:12,(anonymous_1)
FN:23,(anonymous_2)
FN:32,(anonymous_3)
FNF:3
FNH:0
FNDA:0,(anonymous_1)
FNDA:0,(anonymous_2)
FNDA:0,(anonymous_3)
DA:2,0
DA:12,0
DA:19,0
DA:24,0
DA:25,0
DA:27,0
DA:32,0
DA:44,0
LF:8
LH:0
BRDA:17,0,0,0
BRDA:22,1,0,0
BRDA:22,1,1,0
BRDA:24,2,0,0
BRDA:24,2,1,0
BRDA:25,3,0,0
BRDA:25,3,1,0
BRF:7
BRH:0
end_of_record
TN:
SF:src/components/findcare/DistanceFilterSection.tsx
FN:9,(anonymous_1)
FN:22,(anonymous_2)
FNF:2
FNH:0
FNDA:0,(anonymous_1)
FNDA:0,(anonymous_2)
DA:2,0
DA:9,0
DA:13,0
DA:22,0
DA:35,0
LF:5
LH:0
BRF:0
BRH:0
end_of_record
TN:
SF:src/components/findcare/FilterHeader.tsx
FN:9,(anonymous_1)
FNF:1
FNH:0
FNDA:0,(anonymous_1)
DA:2,0
DA:3,0
DA:9,0
DA:10,0
DA:23,0
LF:5
LH:0
BRF:0
BRH:0
end_of_record
TN:
SF:src/components/findcare/FilterSidebar.tsx
FN:17,(anonymous_1)
FN:23,(anonymous_2)
FN:27,(anonymous_3)
FN:30,(anonymous_4)
FN:35,(anonymous_5)
FN:84,(anonymous_6)
FN:91,(anonymous_7)
FN:97,(anonymous_8)
FN:103,(anonymous_9)
FN:111,(anonymous_10)
FN:117,(anonymous_11)
FN:125,(anonymous_12)
FN:132,(anonymous_13)
FNF:13
FNH:0
FNDA:0,(anonymous_1)
FNDA:0,(anonymous_2)
FNDA:0,(anonymous_3)
FNDA:0,(anonymous_4)
FNDA:0,(anonymous_5)
FNDA:0,(anonymous_6)
FNDA:0,(anonymous_7)
FNDA:0,(anonymous_8)
FNDA:0,(anonymous_9)
FNDA:0,(anonymous_10)
FNDA:0,(anonymous_11)
FNDA:0,(anonymous_12)
FNDA:0,(anonymous_13)
DA:2,0
DA:4,0
DA:5,0
DA:6,0
DA:7,0
DA:8,0
DA:17,0
DA:23,0
DA:24,0
DA:27,0
DA:28,0
DA:29,0
DA:30,0
DA:32,0
DA:35,0
DA:36,0
DA:48,0
DA:55,0
DA:61,0
DA:63,0
DA:84,0
DA:91,0
DA:97,0
DA:103,0
DA:111,0
DA:117,0
DA:125,0
DA:132,0
DA:147,0
LF:29
LH:0
BRDA:29,0,0,0
BRDA:29,0,1,0
BRDA:66,1,0,0
BRDA:66,1,1,0
BRDA:74,2,0,0
BRDA:74,2,1,0
BRF:6
BRH:0
end_of_record
TN:
SF:src/components/findcare/ProviderCard.tsx
FN:12,(anonymous_1)
FN:17,(anonymous_2)
FN:26,(anonymous_3)
FN:129,(anonymous_4)
FN:147,(anonymous_5)
FN:157,(anonymous_6)
FN:164,(anonymous_7)
FNF:7
FNH:0
FNDA:0,(anonymous_1)
FNDA:0,(anonymous_2)
FNDA:0,(anonymous_3)
FNDA:0,(anonymous_4)
FNDA:0,(anonymous_5)
FNDA:0,(anonymous_6)
FNDA:0,(anonymous_7)
DA:2,0
DA:3,0
DA:12,0
DA:17,0
DA:18,0
DA:19,0
DA:20,0
DA:21,0
DA:22,0
DA:26,0
DA:27,0
DA:28,0
DA:29,0
DA:30,0
DA:31,0
DA:32,0
DA:33,0
DA:34,0
DA:35,0
DA:39,0
DA:130,0
DA:147,0
DA:157,0
DA:164,0
DA:186,0
LF:25
LH:0
BRDA:18,0,0,0
BRDA:18,0,1,0
BRDA:18,0,2,0
BRDA:18,0,3,0
BRDA:27,1,0,0
BRDA:27,1,1,0
BRDA:27,1,2,0
BRDA:27,1,3,0
BRDA:27,1,4,0
BRDA:27,1,5,0
BRDA:27,1,6,0
BRDA:27,1,7,0
BRDA:45,2,0,0
BRDA:45,2,1,0
BRDA:59,3,0,0
BRDA:59,3,1,0
BRDA:61,4,0,0
BRDA:61,4,1,0
BRDA:61,4,2,0
BRDA:63,5,0,0
BRDA:63,5,1,0
BRDA:70,6,0,0
BRDA:70,6,1,0
BRDA:99,7,0,0
BRDA:99,7,1,0
BRDA:119,8,0,0
BRDA:119,8,1,0
BRDA:126,9,0,0
BRDA:126,9,1,0
BRDA:137,10,0,0
BRDA:137,10,1,0
BRDA:154,11,0,0
BRDA:154,11,1,0
BRDA:154,11,2,0
BRDA:172,12,0,0
BRDA:172,12,1,0
BRDA:172,12,2,0
BRF:37
BRH:0
end_of_record
TN:
SF:src/components/findcare/SearchBar.tsx
FN:10,(anonymous_9)
FN:30,(anonymous_10)
FN:31,(anonymous_11)
FN:38,(anonymous_12)
FN:41,(anonymous_13)
FN:45,(anonymous_14)
FN:54,(anonymous_15)
FN:60,(anonymous_16)
FN:67,(anonymous_17)
FN:82,(anonymous_18)
FN:83,(anonymous_19)
FN:92,(anonymous_20)
FN:95,(anonymous_21)
FN:115,(anonymous_22)
FN:116,(anonymous_23)
FN:132,(anonymous_24)
FN:139,(anonymous_25)
FN:145,(anonymous_26)
FNF:18
FNH:0
FNDA:0,(anonymous_9)
FNDA:0,(anonymous_10)
FNDA:0,(anonymous_11)
FNDA:0,(anonymous_12)
FNDA:0,(anonymous_13)
FNDA:0,(anonymous_14)
FNDA:0,(anonymous_15)
FNDA:0,(anonymous_16)
FNDA:0,(anonymous_17)
FNDA:0,(anonymous_18)
FNDA:0,(anonymous_19)
FNDA:0,(anonymous_20)
FNDA:0,(anonymous_21)
FNDA:0,(anonymous_22)
FNDA:0,(anonymous_23)
FNDA:0,(anonymous_24)
FNDA:0,(anonymous_25)
FNDA:0,(anonymous_26)
DA:2,0
DA:3,0
DA:10,0
DA:11,0
DA:12,0
DA:13,0
DA:14,0
DA:15,0
DA:17,0
DA:23,0
DA:30,0
DA:31,0
DA:32,0
DA:33,0
DA:37,0
DA:38,0
DA:41,0
DA:42,0
DA:43,0
DA:44,0
DA:45,0
DA:47,0
DA:48,0
DA:50,0
DA:54,0
DA:55,0
DA:56,0
DA:57,0
DA:60,0
DA:61,0
DA:62,0
DA:63,0
DA:67,0
DA:68,0
DA:69,0
DA:73,0
DA:82,0
DA:83,0
DA:93,0
DA:95,0
DA:115,0
DA:116,0
DA:132,0
DA:139,0
DA:145,0
DA:155,0
LF:46
LH:0
BRDA:32,0,0,0
BRDA:32,1,0,0
BRDA:32,1,1,0
BRDA:43,2,0,0
BRDA:43,2,1,0
BRDA:61,3,0,0
BRDA:68,4,0,0
BRDA:83,5,0,0
BRDA:83,5,1,0
BRDA:90,6,0,0
BRDA:90,6,1,0
BRDA:90,6,2,0
BRDA:116,7,0,0
BRDA:116,7,1,0
BRF:14
BRH:0
end_of_record
TN:
SF:src/components/findcare/SelectFilterSection.tsx
FN:11,(anonymous_1)
FN:22,(anonymous_2)
FN:25,(anonymous_3)
FNF:3
FNH:0
FNDA:0,(anonymous_1)
FNDA:0,(anonymous_2)
FNDA:0,(anonymous_3)
DA:2,0
DA:11,0
DA:17,0
DA:22,0
DA:26,0
DA:35,0
LF:6
LH:0
BRF:0
BRH:0
end_of_record
TN:
SF:src/components/findcare/filterData.ts
FNF:0
FNH:0
DA:2,0
DA:12,0
DA:18,0
DA:22,0
LF:4
LH:0
BRF:0
BRH:0
end_of_record
TN:
SF:src/components/fitness/DailyWorkoutChecklist.tsx
FN:9,(anonymous_9)
FN:79,(anonymous_10)
FN:80,(anonymous_11)
FN:88,(anonymous_12)
FN:89,(anonymous_13)
FN:90,(anonymous_14)
FN:93,(anonymous_15)
FN:146,(anonymous_16)
FN:156,(anonymous_17)
FNF:9
FNH:0
FNDA:0,(anonymous_9)
FNDA:0,(anonymous_10)
FNDA:0,(anonymous_11)
FNDA:0,(anonymous_12)
FNDA:0,(anonymous_13)
FNDA:0,(anonymous_14)
FNDA:0,(anonymous_15)
FNDA:0,(anonymous_16)
FNDA:0,(anonymous_17)
DA:2,0
DA:3,0
DA:4,0
DA:5,0
DA:6,0
DA:7,0
DA:9,0
DA:10,0
DA:12,0
DA:79,0
DA:80,0
DA:86,0
DA:87,0
DA:88,0
DA:89,0
DA:90,0
DA:91,0
DA:93,0
DA:94,0
DA:95,0
DA:96,0
DA:97,0
DA:98,0
DA:99,0
DA:100,0
DA:104,0
DA:147,0
DA:156,0
LF:28
LH:0
BRDA:94,0,0,0
BRDA:94,0,1,0
BRDA:94,0,2,0
BRDA:94,0,3,0
BRDA:94,0,4,0
BRDA:94,0,5,0
BRDA:148,1,0,0
BRDA:148,1,1,0
BRDA:155,2,0,0
BRDA:155,2,1,0
BRDA:163,3,0,0
BRDA:163,3,1,0
BRDA:172,4,0,0
BRDA:172,4,1,0
BRDA:185,5,0,0
BRDA:185,5,1,0
BRDA:196,6,0,0
BRDA:196,6,1,0
BRF:18
BRH:0
end_of_record
TN:
SF:src/components/fitness/FitnessDataSync.tsx
FN:8,(anonymous_9)
FN:88,(anonymous_10)
FN:89,(anonymous_11)
FN:95,(anonymous_12)
FN:104,(anonymous_13)
FN:139,(anonymous_14)
FN:139,(anonymous_15)
FN:147,(anonymous_16)
FN:176,(anonymous_17)
FN:191,(anonymous_18)
FN:225,(anonymous_19)
FNF:11
FNH:0
FNDA:0,(anonymous_9)
FNDA:0,(anonymous_10)
FNDA:0,(anonymous_11)
FNDA:0,(anonymous_12)
FNDA:0,(anonymous_13)
FNDA:0,(anonymous_14)
FNDA:0,(anonymous_15)
FNDA:0,(anonymous_16)
FNDA:0,(anonymous_17)
FNDA:0,(anonymous_18)
FNDA:0,(anonymous_19)
DA:1,0
DA:2,0
DA:3,0
DA:4,0
DA:5,0
DA:6,0
DA:8,0
DA:9,0
DA:18,0
DA:61,0
DA:88,0
DA:89,0
DA:95,0
DA:96,0
DA:97,0
DA:98,0
DA:99,0
DA:100,0
DA:104,0
DA:105,0
DA:106,0
DA:107,0
DA:108,0
DA:109,0
DA:113,0
DA:139,0
DA:148,0
DA:149,0
DA:176,0
DA:192,0
DA:226,0
LF:31
LH:0
BRDA:35,0,0,0
BRDA:35,0,1,0
BRDA:37,1,0,0
BRDA:37,1,1,0
BRDA:45,2,0,0
BRDA:45,2,1,0
BRDA:47,3,0,0
BRDA:47,3,1,0
BRDA:55,4,0,0
BRDA:55,4,1,0
BRDA:57,5,0,0
BRDA:57,5,1,0
BRDA:96,6,0,0
BRDA:96,6,1,0
BRDA:96,6,2,0
BRDA:96,6,3,0
BRDA:105,7,0,0
BRDA:105,7,1,0
BRDA:105,7,2,0
BRDA:105,7,3,0
BRDA:200,8,0,0
BRDA:200,8,1,0
BRDA:202,9,0,0
BRDA:202,9,1,0
BRDA:206,10,0,0
BRDA:206,10,1,0
BRDA:228,11,0,0
BRDA:228,11,1,0
BRF:28
BRH:0
end_of_record
TN:
SF:src/components/fitness/FitnessIntegration.tsx
FN:30,(anonymous_9)
FN:31,(anonymous_10)
FN:38,(anonymous_11)
FN:43,(anonymous_12)
FN:48,(anonymous_13)
FN:57,(anonymous_14)
FN:85,(anonymous_15)
FN:114,(anonymous_16)
FN:138,(anonymous_17)
FN:148,(anonymous_18)
FN:159,(anonymous_19)
FN:194,(anonymous_20)
FN:206,(anonymous_21)
FN:217,(anonymous_22)
FN:268,(anonymous_23)
FNF:15
FNH:0
FNDA:0,(anonymous_9)
FNDA:0,(anonymous_10)
FNDA:0,(anonymous_11)
FNDA:0,(anonymous_12)
FNDA:0,(anonymous_13)
FNDA:0,(anonymous_14)
FNDA:0,(anonymous_15)
FNDA:0,(anonymous_16)
FNDA:0,(anonymous_17)
FNDA:0,(anonymous_18)
FNDA:0,(anonymous_19)
FNDA:0,(anonymous_20)
FNDA:0,(anonymous_21)
FNDA:0,(anonymous_22)
FNDA:0,(anonymous_23)
DA:1,0
DA:2,0
DA:3,0
DA:4,0
DA:5,0
DA:6,0
DA:7,0
DA:8,0
DA:23,0
DA:30,0
DA:31,0
DA:32,0
DA:33,0
DA:34,0
DA:35,0
DA:36,0
DA:38,0
DA:39,0
DA:40,0
DA:43,0
DA:44,0
DA:45,0
DA:48,0
DA:49,0
DA:50,0
DA:51,0
DA:53,0
DA:57,0
DA:58,0
DA:59,0
DA:60,0
DA:63,0
DA:75,0
DA:76,0
DA:78,0
DA:79,0
DA:81,0
DA:85,0
DA:86,0
DA:87,0
DA:88,0
DA:91,0
DA:104,0
DA:105,0
DA:107,0
DA:108,0
DA:110,0
DA:114,0
DA:115,0
DA:116,0
DA:117,0
DA:119,0
DA:120,0
DA:122,0
DA:127,0
DA:128,0
DA:129,0
DA:131,0
DA:132,0
DA:134,0
DA:138,0
DA:139,0
DA:140,0
DA:141,0
DA:143,0
DA:144,0
DA:148,0
DA:149,0
DA:151,0
DA:153,0
DA:155,0
DA:159,0
DA:160,0
DA:162,0
DA:164,0
DA:166,0
DA:170,0
DA:195,0
DA:207,0
DA:217,0
DA:269,0
LF:81
LH:0
BRDA:64,0,0,0
BRDA:64,0,1,0
BRDA:65,1,0,0
BRDA:65,1,1,0
BRDA:92,2,0,0
BRDA:92,2,1,0
BRDA:93,3,0,0
BRDA:93,3,1,0
BRDA:149,4,0,0
BRDA:149,4,1,0
BRDA:149,4,2,0
BRDA:160,5,0,0
BRDA:160,5,1,0
BRDA:160,5,2,0
BRDA:186,6,0,0
BRDA:186,6,1,0
BRDA:203,7,0,0
BRDA:203,7,1,0
BRDA:251,8,0,0
BRDA:251,8,1,0
BRDA:260,9,0,0
BRDA:260,9,1,0
BRDA:261,10,0,0
BRDA:261,10,1,0
BRDA:266,11,0,0
BRDA:266,11,1,0
BRDA:270,12,0,0
BRDA:270,12,1,0
BRDA:276,13,0,0
BRDA:276,13,1,0
BRDA:286,14,0,0
BRDA:286,14,1,0
BRDA:307,15,0,0
BRDA:307,15,1,0
BRDA:309,16,0,0
BRDA:309,16,1,0
BRDA:438,17,0,0
BRDA:438,17,1,0
BRDA:450,18,0,0
BRDA:450,18,1,0
BRDA:464,19,0,0
BRDA:464,19,1,0
BRF:42
BRH:0
end_of_record
TN:
SF:src/components/fitness/FitnessIntegrationExample.tsx
FN:8,(anonymous_1)
FN:32,(anonymous_2)
FN:54,(anonymous_3)
FNF:3
FNH:0
FNDA:0,(anonymous_1)
FNDA:0,(anonymous_2)
FNDA:0,(anonymous_3)
DA:1,0
DA:2,0
DA:8,0
DA:10,0
DA:12,0
DA:32,0
DA:33,0
DA:35,0
DA:54,0
DA:55,0
DA:57,0
LF:11
LH:0
BRF:0
BRH:0
end_of_record
TN:
SF:src/components/fitness/HealthPointsCard.tsx
FN:12,(anonymous_1)
FN:21,(anonymous_2)
FN:88,(anonymous_3)
FNF:3
FNH:0
FNDA:0,(anonymous_1)
FNDA:0,(anonymous_2)
FNDA:0,(anonymous_3)
DA:2,0
DA:3,0
DA:4,0
DA:5,0
DA:6,0
DA:12,0
DA:13,0
DA:21,0
DA:22,0
DA:24,0
DA:28,0
DA:30,0
DA:36,0
DA:38,0
DA:89,0
LF:15
LH:0
BRDA:21,0,0,0
BRDA:21,0,1,0
BRDA:21,1,0,0
BRDA:21,1,1,0
BRDA:24,2,0,0
BRDA:24,2,1,0
BRDA:28,3,0,0
BRDA:28,3,1,0
BRDA:62,4,0,0
BRDA:62,4,1,0
BRF:10
BRH:0
end_of_record
TN:
SF:src/components/fitness/MotivationalTips.tsx
FN:8,(anonymous_9)
FN:109,(anonymous_10)
FN:111,(anonymous_11)
FN:112,(anonymous_12)
FN:166,(anonymous_13)
FN:203,(anonymous_14)
FNF:6
FNH:0
FNDA:0,(anonymous_9)
FNDA:0,(anonymous_10)
FNDA:0,(anonymous_11)
FNDA:0,(anonymous_12)
FNDA:0,(anonymous_13)
FNDA:0,(anonymous_14)
DA:2,0
DA:3,0
DA:4,0
DA:5,0
DA:6,0
DA:8,0
DA:9,0
DA:11,0
DA:46,0
DA:74,0
DA:109,0
DA:111,0
DA:112,0
DA:115,0
DA:117,0
DA:167,0
DA:168,0
DA:204,0
DA:205,0
DA:207,0
LF:20
LH:0
BRDA:209,0,0,0
BRDA:209,0,1,0
BRDA:215,1,0,0
BRDA:215,1,1,0
BRDA:221,2,0,0
BRDA:221,2,1,0
BRDA:232,3,0,0
BRDA:232,3,1,0
BRF:8
BRH:0
end_of_record
TN:
SF:src/components/fitness/UpdateWorkoutModal.tsx
FN:20,(anonymous_9)
FN:47,(anonymous_10)
FN:48,(anonymous_11)
FN:51,(anonymous_12)
FN:56,(anonymous_13)
FN:68,(anonymous_14)
FN:96,(anonymous_15)
FN:96,(anonymous_16)
FN:109,(anonymous_17)
FN:109,(anonymous_18)
FN:115,(anonymous_19)
FN:115,(anonymous_20)
FN:120,(anonymous_21)
FN:134,(anonymous_22)
FN:139,(anonymous_23)
FN:149,(anonymous_24)
FN:164,(anonymous_25)
FN:164,(anonymous_26)
FN:178,(anonymous_27)
FN:178,(anonymous_28)
FN:184,(anonymous_29)
FN:184,(anonymous_30)
FN:205,(anonymous_31)
FN:205,(anonymous_32)
FNF:24
FNH:0
FNDA:0,(anonymous_9)
FNDA:0,(anonymous_10)
FNDA:0,(anonymous_11)
FNDA:0,(anonymous_12)
FNDA:0,(anonymous_13)
FNDA:0,(anonymous_14)
FNDA:0,(anonymous_15)
FNDA:0,(anonymous_16)
FNDA:0,(anonymous_17)
FNDA:0,(anonymous_18)
FNDA:0,(anonymous_19)
FNDA:0,(anonymous_20)
FNDA:0,(anonymous_21)
FNDA:0,(anonymous_22)
FNDA:0,(anonymous_23)
FNDA:0,(anonymous_24)
FNDA:0,(anonymous_25)
FNDA:0,(anonymous_26)
FNDA:0,(anonymous_27)
FNDA:0,(anonymous_28)
FNDA:0,(anonymous_29)
FNDA:0,(anonymous_30)
FNDA:0,(anonymous_31)
FNDA:0,(anonymous_32)
DA:2,0
DA:3,0
DA:4,0
DA:5,0
DA:6,0
DA:7,0
DA:8,0
DA:9,0
DA:10,0
DA:11,0
DA:12,0
DA:20,0
DA:25,0
DA:36,0
DA:43,0
DA:47,0
DA:48,0
DA:51,0
DA:56,0
DA:57,0
DA:58,0
DA:65,0
DA:68,0
DA:69,0
DA:70,0
DA:71,0
DA:72,0
DA:76,0
DA:96,0
DA:109,0
DA:115,0
DA:121,0
DA:135,0
DA:139,0
DA:150,0
DA:164,0
DA:178,0
DA:184,0
DA:205,0
LF:39
LH:0
BRDA:26,0,0,0
BRDA:26,0,1,0
BRDA:50,1,0,0
BRDA:50,1,1,0
BRDA:57,2,0,0
BRDA:57,2,1,0
BRDA:58,3,0,0
BRDA:58,3,1,0
BRDA:147,4,0,0
BRDA:147,4,1,0
BRDA:212,5,0,0
BRDA:212,5,1,0
BRDA:212,5,2,0
BRF:13
BRH:0
end_of_record
TN:
SF:src/components/fitness/WorkoutRecommendations.tsx
FN:12,(anonymous_1)
FN:68,(anonymous_2)
FN:87,(anonymous_3)
FN:124,(anonymous_4)
FN:144,(anonymous_5)
FNF:5
FNH:0
FNDA:0,(anonymous_1)
FNDA:0,(anonymous_2)
FNDA:0,(anonymous_3)
FNDA:0,(anonymous_4)
FNDA:0,(anonymous_5)
DA:2,0
DA:3,0
DA:4,0
DA:5,0
DA:6,0
DA:12,0
DA:13,0
DA:68,0
DA:69,0
DA:70,0
DA:71,0
DA:72,0
DA:73,0
DA:77,0
DA:88,0
DA:89,0
DA:125,0
DA:144,0
LF:18
LH:0
BRDA:69,0,0,0
BRDA:69,0,1,0
BRDA:69,0,2,0
BRDA:69,0,3,0
BRDA:137,1,0,0
BRDA:137,1,1,0
BRF:6
BRH:0
end_of_record
TN:
SF:src/components/home/AchievementsSection.tsx
FN:12,(anonymous_1)
FN:24,(anonymous_2)
FNF:2
FNH:0
FNDA:0,(anonymous_1)
FNDA:0,(anonymous_2)
DA:2,0
DA:3,0
DA:12,0
DA:13,0
DA:20,0
DA:25,0
LF:6
LH:0
BRDA:26,0,0,0
BRDA:26,0,1,0
BRDA:32,1,0,0
BRDA:32,1,1,0
BRDA:36,2,0,0
BRDA:36,2,1,0
BRDA:41,3,0,0
BRDA:41,3,1,0
BRF:8
BRH:0
end_of_record
TN:
SF:src/components/home/HealthAlertsSection.tsx
FN:12,(anonymous_1)
FN:24,(anonymous_2)
FNF:2
FNH:0
FNDA:0,(anonymous_1)
FNDA:0,(anonymous_2)
DA:2,0
DA:3,0
DA:12,0
DA:13,0
DA:18,0
DA:20,0
DA:25,0
LF:7
LH:0
BRDA:18,0,0,0
BRDA:26,1,0,0
BRDA:26,1,1,0
BRDA:30,2,0,0
BRDA:30,2,1,0
BRF:5
BRH:0
end_of_record
TN:
SF:src/components/home/HealthManagementSection.tsx
FN:14,(anonymous_1)
FN:24,(anonymous_2)
FN:38,(anonymous_3)
FN:41,(anonymous_4)
FNF:4
FNH:0
FNDA:0,(anonymous_1)
FNDA:0,(anonymous_2)
FNDA:0,(anonymous_3)
FNDA:0,(anonymous_4)
DA:2,0
DA:3,0
DA:4,0
DA:14,0
DA:15,0
DA:17,0
DA:24,0
DA:25,0
DA:26,0
DA:27,0
DA:28,0
DA:30,0
DA:34,0
DA:39,0
DA:41,0
LF:15
LH:0
BRF:0
BRH:0
end_of_record
TN:
SF:src/components/home/QuickActionsSection.tsx
FN:15,(anonymous_9)
FN:26,(anonymous_10)
FN:34,(anonymous_11)
FN:51,(anonymous_12)
FN:54,(anonymous_13)
FNF:5
FNH:0
FNDA:0,(anonymous_9)
FNDA:0,(anonymous_10)
FNDA:0,(anonymous_11)
FNDA:0,(anonymous_12)
FNDA:0,(anonymous_13)
DA:2,0
DA:3,0
DA:4,0
DA:5,0
DA:15,0
DA:16,0
DA:17,0
DA:18,0
DA:20,0
DA:26,0
DA:27,0
DA:28,0
DA:30,0
DA:34,0
DA:35,0
DA:36,0
DA:39,0
DA:46,0
DA:52,0
DA:54,0
LF:20
LH:0
BRDA:27,0,0,0
BRDA:27,0,1,0
BRF:2
BRH:0
end_of_record
TN:
SF:src/components/home/StatsSection.tsx
FN:15,(anonymous_1)
FN:47,(anonymous_2)
FN:50,(anonymous_3)
FNF:3
FNH:0
FNDA:0,(anonymous_1)
FNDA:0,(anonymous_2)
FNDA:0,(anonymous_3)
DA:2,0
DA:3,0
DA:4,0
DA:15,0
DA:16,0
DA:18,0
DA:45,0
DA:48,0
DA:50,0
LF:9
LH:0
BRF:0
BRH:0
end_of_record
TN:
SF:src/components/home/WeeklyGoalsSection.tsx
FN:13,(anonymous_1)
FN:33,(anonymous_2)
FNF:2
FNH:0
FNDA:0,(anonymous_1)
FNDA:0,(anonymous_2)
DA:2,0
DA:3,0
DA:13,0
DA:14,0
DA:23,0
DA:34,0
DA:35,0
DA:36,0
LF:8
LH:0
BRDA:40,0,0,0
BRDA:40,0,1,0
BRDA:41,1,0,0
BRDA:41,1,1,0
BRDA:53,2,0,0
BRDA:53,2,1,0
BRDA:59,3,0,0
BRDA:59,3,1,0
BRDA:63,4,0,0
BRDA:63,4,1,0
BRF:10
BRH:0
end_of_record
TN:
SF:src/components/home/WelcomeSection.tsx
FN:9,(anonymous_1)
FNF:1
FNH:0
FNDA:0,(anonymous_1)
DA:2,0
DA:3,0
DA:9,0
DA:10,0
LF:4
LH:0
BRF:0
BRH:0
end_of_record
TN:
SF:src/components/layout/BackgroundWrapper.tsx
FN:10,(anonymous_1)
FNF:1
FNH:0
FNDA:0,(anonymous_1)
DA:1,0
DA:2,0
DA:3,0
DA:10,0
DA:11,0
DA:12,0
DA:13,0
DA:15,0
DA:16,0
DA:23,0
DA:24,0
DA:26,0
LF:12
LH:0
BRDA:10,0,0,0
BRDA:15,1,0,0
BRDA:30,2,0,0
BRDA:30,2,1,0
BRDA:40,3,0,0
BRDA:40,3,1,0
BRDA:40,4,0,0
BRDA:40,4,1,0
BRDA:45,5,0,0
BRDA:45,5,1,0
BRF:10
BRH:0
end_of_record
TN:
SF:src/components/layout/ClientLayout.tsx
FN:36,ClientLayout
FN:142,(anonymous_2)
FN:149,(anonymous_3)
FN:167,(anonymous_4)
FN:174,(anonymous_5)
FN:188,(anonymous_6)
FN:195,(anonymous_7)
FNF:7
FNH:0
FNDA:0,ClientLayout
FNDA:0,(anonymous_2)
FNDA:0,(anonymous_3)
FNDA:0,(anonymous_4)
FNDA:0,(anonymous_5)
FNDA:0,(anonymous_6)
FNDA:0,(anonymous_7)
DA:1,0
DA:2,0
DA:3,0
DA:20,0
DA:33,0
DA:34,0
DA:36,0
DA:37,0
DA:38,0
DA:39,0
DA:42,0
DA:90,0
DA:111,0
DA:119,0
DA:143,0
DA:149,0
DA:168,0
DA:174,0
DA:189,0
DA:195,0
LF:20
LH:0
BRDA:222,0,0,0
BRDA:222,0,1,0
BRF:2
BRH:0
end_of_record
TN:
SF:src/components/layout/DashboardLayout.tsx
FN:12,DashboardLayout
FNF:1
FNH:0
FNDA:0,DashboardLayout
DA:2,0
DA:3,0
DA:4,0
DA:5,0
DA:6,0
DA:12,0
DA:13,0
LF:7
LH:0
BRF:0
BRH:0
end_of_record
TN:
SF:src/components/layout/EngineerLayout.tsx
FN:49,EngineerLayout
FN:123,(anonymous_2)
FN:126,(anonymous_3)
FN:180,(anonymous_4)
FN:188,(anonymous_5)
FN:213,(anonymous_6)
FN:221,(anonymous_7)
FN:239,(anonymous_8)
FN:247,(anonymous_9)
FNF:9
FNH:0
FNDA:0,EngineerLayout
FNDA:0,(anonymous_2)
FNDA:0,(anonymous_3)
FNDA:0,(anonymous_4)
FNDA:0,(anonymous_5)
FNDA:0,(anonymous_6)
FNDA:0,(anonymous_7)
FNDA:0,(anonymous_8)
FNDA:0,(anonymous_9)
DA:1,0
DA:2,0
DA:3,0
DA:30,0
DA:43,0
DA:44,0
DA:45,0
DA:46,0
DA:47,0
DA:49,0
DA:50,0
DA:51,0
DA:52,0
DA:55,0
DA:88,0
DA:115,0
DA:123,0
DA:124,0
DA:126,0
DA:132,0
DA:181,0
DA:188,0
DA:214,0
DA:221,0
DA:240,0
DA:247,0
LF:26
LH:0
BRDA:148,0,0,0
BRDA:148,0,1,0
BRDA:161,1,0,0
BRDA:161,1,1,0
BRDA:270,2,0,0
BRDA:270,2,1,0
BRF:6
BRH:0
end_of_record
TN:
SF:src/components/layout/ProviderLayout.tsx
FN:45,ProviderLayout
FN:125,(anonymous_2)
FN:128,(anonymous_3)
FN:182,(anonymous_4)
FN:190,(anonymous_5)
FN:216,(anonymous_6)
FN:224,(anonymous_7)
FN:243,(anonymous_8)
FN:251,(anonymous_9)
FNF:9
FNH:0
FNDA:0,ProviderLayout
FNDA:0,(anonymous_2)
FNDA:0,(anonymous_3)
FNDA:0,(anonymous_4)
FNDA:0,(anonymous_5)
FNDA:0,(anonymous_6)
FNDA:0,(anonymous_7)
FNDA:0,(anonymous_8)
FNDA:0,(anonymous_9)
DA:1,0
DA:2,0
DA:3,0
DA:25,0
DA:38,0
DA:39,0
DA:40,0
DA:41,0
DA:42,0
DA:43,0
DA:45,0
DA:46,0
DA:47,0
DA:48,0
DA:51,0
DA:90,0
DA:117,0
DA:125,0
DA:126,0
DA:128,0
DA:134,0
DA:183,0
DA:190,0
DA:217,0
DA:224,0
DA:244,0
DA:251,0
LF:27
LH:0
BRDA:150,0,0,0
BRDA:150,0,1,0
BRDA:163,1,0,0
BRDA:163,1,1,0
BRDA:209,2,0,0
BRDA:209,2,1,0
BRDA:274,3,0,0
BRDA:274,3,1,0
BRF:8
BRH:0
end_of_record
TN:
SF:src/components/layout/RoleBasedMobileNavigation.tsx
FN:30,RoleBasedMobileNavigation
FN:34,(anonymous_2)
FN:72,(anonymous_3)
FN:77,(anonymous_4)
FNF:4
FNH:0
FNDA:0,RoleBasedMobileNavigation
FNDA:0,(anonymous_2)
FNDA:0,(anonymous_3)
FNDA:0,(anonymous_4)
DA:1,0
DA:2,0
DA:5,0
DA:30,0
DA:31,0
DA:32,0
DA:34,0
DA:35,0
DA:37,0
DA:46,0
DA:56,0
DA:67,0
DA:69,0
DA:73,0
DA:74,0
DA:77,0
LF:16
LH:0
BRDA:35,0,0,0
BRDA:35,0,1,0
BRDA:35,0,2,0
BRDA:35,0,3,0
BRDA:79,1,0,0
BRDA:79,1,1,0
BRDA:80,2,0,0
BRDA:80,2,1,0
BRF:8
BRH:0
end_of_record
TN:
SF:src/components/modals/AddMedicationModal.tsx
FN:17,AddMedicationModal
FN:29,(anonymous_10)
FN:77,(anonymous_11)
FN:77,(anonymous_12)
FN:87,(anonymous_13)
FN:87,(anonymous_14)
FN:97,(anonymous_15)
FN:97,(anonymous_16)
FN:115,(anonymous_17)
FN:115,(anonymous_18)
FN:126,(anonymous_19)
FN:126,(anonymous_20)
FN:137,(anonymous_21)
FN:137,(anonymous_22)
FN:149,(anonymous_23)
FN:149,(anonymous_24)
FN:154,(anonymous_25)
FNF:17
FNH:0
FNDA:0,AddMedicationModal
FNDA:0,(anonymous_10)
FNDA:0,(anonymous_11)
FNDA:0,(anonymous_12)
FNDA:0,(anonymous_13)
FNDA:0,(anonymous_14)
FNDA:0,(anonymous_15)
FNDA:0,(anonymous_16)
FNDA:0,(anonymous_17)
FNDA:0,(anonymous_18)
FNDA:0,(anonymous_19)
FNDA:0,(anonymous_20)
FNDA:0,(anonymous_21)
FNDA:0,(anonymous_22)
FNDA:0,(anonymous_23)
FNDA:0,(anonymous_24)
FNDA:0,(anonymous_25)
DA:1,0
DA:2,0
DA:3,0
DA:4,0
DA:5,0
DA:6,0
DA:7,0
DA:8,0
DA:17,0
DA:18,0
DA:19,0
DA:29,0
DA:30,0
DA:31,0
DA:38,0
DA:39,0
DA:40,0
DA:52,0
DA:58,0
DA:77,0
DA:87,0
DA:97,0
DA:115,0
DA:126,0
DA:137,0
DA:149,0
DA:154,0
LF:27
LH:0
BRDA:61,0,0,0
BRDA:61,0,1,0
BRF:2
BRH:0
end_of_record
TN:
SF:src/components/modals/AddTreatmentModal.tsx
FN:17,AddTreatmentModal
FN:29,(anonymous_10)
FN:76,(anonymous_11)
FN:76,(anonymous_12)
FN:85,(anonymous_13)
FN:85,(anonymous_14)
FN:100,(anonymous_15)
FN:100,(anonymous_16)
FN:118,(anonymous_17)
FN:118,(anonymous_18)
FN:130,(anonymous_19)
FN:130,(anonymous_20)
FN:139,(anonymous_21)
FN:139,(anonymous_22)
FN:150,(anonymous_23)
FN:150,(anonymous_24)
FN:157,(anonymous_25)
FNF:17
FNH:0
FNDA:0,AddTreatmentModal
FNDA:0,(anonymous_10)
FNDA:0,(anonymous_11)
FNDA:0,(anonymous_12)
FNDA:0,(anonymous_13)
FNDA:0,(anonymous_14)
FNDA:0,(anonymous_15)
FNDA:0,(anonymous_16)
FNDA:0,(anonymous_17)
FNDA:0,(anonymous_18)
FNDA:0,(anonymous_19)
FNDA:0,(anonymous_20)
FNDA:0,(anonymous_21)
FNDA:0,(anonymous_22)
FNDA:0,(anonymous_23)
FNDA:0,(anonymous_24)
FNDA:0,(anonymous_25)
DA:1,0
DA:2,0
DA:3,0
DA:4,0
DA:5,0
DA:6,0
DA:7,0
DA:8,0
DA:17,0
DA:18,0
DA:19,0
DA:29,0
DA:30,0
DA:31,0
DA:38,0
DA:39,0
DA:40,0
DA:52,0
DA:58,0
DA:76,0
DA:85,0
DA:100,0
DA:118,0
DA:130,0
DA:139,0
DA:150,0
DA:157,0
LF:27
LH:0
BRDA:61,0,0,0
BRDA:61,0,1,0
BRF:2
BRH:0
end_of_record
TN:
SF:src/components/modals/ScheduleAppointmentModal.tsx
FN:15,ScheduleAppointmentModal
FN:30,(anonymous_10)
FN:80,(anonymous_11)
FN:80,(anonymous_12)
FN:89,(anonymous_13)
FN:89,(anonymous_14)
FN:105,(anonymous_15)
FN:105,(anonymous_16)
FN:125,(anonymous_17)
FN:125,(anonymous_18)
FN:136,(anonymous_19)
FN:136,(anonymous_20)
FN:144,(anonymous_21)
FN:144,(anonymous_22)
FN:163,(anonymous_23)
FN:163,(anonymous_24)
FN:173,(anonymous_25)
FN:173,(anonymous_26)
FN:180,(anonymous_27)
FN:180,(anonymous_28)
FN:197,(anonymous_29)
FN:197,(anonymous_30)
FN:204,(anonymous_31)
FNF:23
FNH:0
FNDA:0,ScheduleAppointmentModal
FNDA:0,(anonymous_10)
FNDA:0,(anonymous_11)
FNDA:0,(anonymous_12)
FNDA:0,(anonymous_13)
FNDA:0,(anonymous_14)
FNDA:0,(anonymous_15)
FNDA:0,(anonymous_16)
FNDA:0,(anonymous_17)
FNDA:0,(anonymous_18)
FNDA:0,(anonymous_19)
FNDA:0,(anonymous_20)
FNDA:0,(anonymous_21)
FNDA:0,(anonymous_22)
FNDA:0,(anonymous_23)
FNDA:0,(anonymous_24)
FNDA:0,(anonymous_25)
FNDA:0,(anonymous_26)
FNDA:0,(anonymous_27)
FNDA:0,(anonymous_28)
FNDA:0,(anonymous_29)
FNDA:0,(anonymous_30)
FNDA:0,(anonymous_31)
DA:1,0
DA:2,0
DA:3,0
DA:4,0
DA:5,0
DA:6,0
DA:7,0
DA:8,0
DA:15,0
DA:16,0
DA:17,0
DA:30,0
DA:31,0
DA:32,0
DA:39,0
DA:40,0
DA:41,0
DA:56,0
DA:62,0
DA:80,0
DA:89,0
DA:105,0
DA:125,0
DA:136,0
DA:144,0
DA:163,0
DA:173,0
DA:180,0
DA:197,0
DA:204,0
LF:30
LH:0
BRDA:65,0,0,0
BRDA:65,0,1,0
BRF:2
BRH:0
end_of_record
TN:
SF:src/components/notifications/NotificationManager.tsx
FN:16,(anonymous_9)
FN:43,(anonymous_10)
FN:44,(anonymous_11)
FN:47,(anonymous_12)
FN:104,(anonymous_13)
FN:116,(anonymous_14)
FN:125,(anonymous_15)
FN:135,(anonymous_16)
FN:144,(anonymous_17)
FN:159,(anonymous_18)
FN:169,(anonymous_19)
FN:178,(anonymous_20)
FN:188,(anonymous_21)
FN:201,(anonymous_22)
FN:217,(anonymous_23)
FN:236,(anonymous_24)
FN:247,(anonymous_25)
FN:260,(anonymous_26)
FN:304,(anonymous_27)
FN:312,(anonymous_28)
FN:320,(anonymous_29)
FN:339,(anonymous_30)
FN:349,(anonymous_31)
FNF:23
FNH:0
FNDA:0,(anonymous_9)
FNDA:0,(anonymous_10)
FNDA:0,(anonymous_11)
FNDA:0,(anonymous_12)
FNDA:0,(anonymous_13)
FNDA:0,(anonymous_14)
FNDA:0,(anonymous_15)
FNDA:0,(anonymous_16)
FNDA:0,(anonymous_17)
FNDA:0,(anonymous_18)
FNDA:0,(anonymous_19)
FNDA:0,(anonymous_20)
FNDA:0,(anonymous_21)
FNDA:0,(anonymous_22)
FNDA:0,(anonymous_23)
FNDA:0,(anonymous_24)
FNDA:0,(anonymous_25)
FNDA:0,(anonymous_26)
FNDA:0,(anonymous_27)
FNDA:0,(anonymous_28)
FNDA:0,(anonymous_29)
FNDA:0,(anonymous_30)
FNDA:0,(anonymous_31)
DA:1,0
DA:2,0
DA:3,0
DA:4,0
DA:5,0
DA:6,0
DA:7,0
DA:8,0
DA:9,0
DA:10,0
DA:16,0
DA:17,0
DA:18,0
DA:19,0
DA:20,0
DA:23,0
DA:43,0
DA:44,0
DA:47,0
DA:48,0
DA:49,0
DA:50,0
DA:52,0
DA:53,0
DA:60,0
DA:62,0
DA:72,0
DA:75,0
DA:80,0
DA:83,0
DA:88,0
DA:91,0
DA:92,0
DA:94,0
DA:97,0
DA:98,0
DA:100,0
DA:104,0
DA:105,0
DA:107,0
DA:116,0
DA:125,0
DA:135,0
DA:144,0
DA:151,0
DA:159,0
DA:169,0
DA:178,0
DA:188,0
DA:195,0
DA:201,0
DA:217,0
DA:236,0
DA:243,0
DA:247,0
DA:248,0
DA:250,0
DA:261,0
DA:284,0
DA:304,0
DA:312,0
DA:320,0
DA:339,0
DA:349,0
LF:64
LH:0
BRDA:54,0,0,0
BRDA:54,0,1,0
BRDA:55,1,0,0
BRDA:55,1,1,0
BRDA:60,2,0,0
BRDA:60,2,1,0
BRDA:60,2,2,0
BRDA:91,3,0,0
BRDA:91,3,1,0
BRDA:94,4,0,0
BRDA:94,4,1,0
BRDA:97,5,0,0
BRDA:97,5,1,0
BRDA:105,6,0,0
BRDA:105,6,1,0
BRDA:105,6,2,0
BRDA:105,6,3,0
BRDA:248,7,0,0
BRDA:266,8,0,0
BRDA:266,8,1,0
BRDA:272,9,0,0
BRDA:272,9,1,0
BRDA:274,10,0,0
BRDA:274,10,1,0
BRDA:302,11,0,0
BRDA:302,11,1,0
BRDA:310,12,0,0
BRDA:310,12,1,0
BRDA:318,13,0,0
BRDA:318,13,1,0
BRDA:367,14,0,0
BRDA:367,14,1,0
BRDA:381,15,0,0
BRDA:381,15,1,0
BRF:34
BRH:0
end_of_record
TN:
SF:src/components/provider/ProviderDashboard.tsx
FN:22,ProviderDashboard
FN:115,(anonymous_2)
FN:118,(anonymous_3)
FN:124,(anonymous_4)
FN:137,(anonymous_5)
FN:173,(anonymous_6)
FN:208,(anonymous_7)
FN:254,(anonymous_8)
FNF:8
FNH:0
FNDA:0,ProviderDashboard
FNDA:0,(anonymous_2)
FNDA:0,(anonymous_3)
FNDA:0,(anonymous_4)
FNDA:0,(anonymous_5)
FNDA:0,(anonymous_6)
FNDA:0,(anonymous_7)
FNDA:0,(anonymous_8)
DA:1,0
DA:2,0
DA:3,0
DA:4,0
DA:5,0
DA:6,0
DA:20,0
DA:22,0
DA:23,0
DA:26,0
DA:61,0
DA:91,0
DA:115,0
DA:116,0
DA:118,0
DA:124,0
DA:125,0
DA:127,0
DA:129,0
DA:131,0
DA:133,0
DA:137,0
DA:138,0
DA:140,0
DA:142,0
DA:144,0
DA:146,0
DA:150,0
DA:174,0
DA:209,0
DA:255,0
LF:31
LH:0
BRDA:125,0,0,0
BRDA:125,0,1,0
BRDA:125,0,2,0
BRDA:125,0,3,0
BRDA:138,1,0,0
BRDA:138,1,1,0
BRDA:138,1,2,0
BRDA:138,1,3,0
BRDA:158,2,0,0
BRDA:158,2,1,0
BRF:10
BRH:0
end_of_record
TN:
SF:src/components/results/HealthOverviewCards.tsx
FN:46,(anonymous_1)
FN:47,(anonymous_2)
FN:58,(anonymous_3)
FNF:3
FNH:0
FNDA:0,(anonymous_1)
FNDA:0,(anonymous_2)
FNDA:0,(anonymous_3)
DA:2,0
DA:3,0
DA:4,0
DA:5,0
DA:6,0
DA:46,0
DA:47,0
DA:48,0
DA:50,0
DA:52,0
DA:54,0
DA:58,0
DA:59,0
DA:62,0
DA:65,0
DA:68,0
DA:70,0
DA:74,0
LF:18
LH:0
BRDA:48,0,0,0
BRDA:48,0,1,0
BRDA:48,0,2,0
BRDA:59,1,0,0
BRDA:59,1,1,0
BRDA:59,1,2,0
BRDA:59,1,3,0
BRDA:59,1,4,0
BRDA:59,1,5,0
BRDA:59,1,6,0
BRF:10
BRH:0
end_of_record
TN:
SF:src/components/results/QuickActions.tsx
FN:20,(anonymous_1)
FN:26,(anonymous_2)
FN:34,(anonymous_3)
FN:41,(anonymous_4)
FN:48,(anonymous_5)
FN:55,(anonymous_6)
FN:62,(anonymous_7)
FN:77,(anonymous_8)
FNF:8
FNH:0
FNDA:0,(anonymous_1)
FNDA:0,(anonymous_2)
FNDA:0,(anonymous_3)
FNDA:0,(anonymous_4)
FNDA:0,(anonymous_5)
FNDA:0,(anonymous_6)
FNDA:0,(anonymous_7)
FNDA:0,(anonymous_8)
DA:2,0
DA:3,0
DA:4,0
DA:5,0
DA:20,0
DA:21,0
DA:26,0
DA:34,0
DA:41,0
DA:48,0
DA:55,0
DA:62,0
DA:67,0
DA:78,0
LF:14
LH:0
BRDA:82,0,0,0
BRDA:82,0,1,0
BRF:2
BRH:0
end_of_record
TN:
SF:src/components/results/WeeklyTrendsChart.tsx
FN:17,(anonymous_1)
FNF:1
FNH:0
FNDA:0,(anonymous_1)
DA:2,0
DA:3,0
DA:4,0
DA:17,0
DA:18,0
DA:33,0
LF:6
LH:0
BRF:0
BRH:0
end_of_record
TN:
SF:src/components/settings/BackgroundSelector.tsx
FN:10,(anonymous_9)
FN:23,(anonymous_10)
FN:26,(anonymous_11)
FN:38,(anonymous_12)
FN:42,(anonymous_13)
FN:46,(anonymous_14)
FN:47,(anonymous_15)
FN:65,(anonymous_16)
FN:92,(anonymous_17)
FN:100,(anonymous_18)
FNF:10
FNH:0
FNDA:0,(anonymous_9)
FNDA:0,(anonymous_10)
FNDA:0,(anonymous_11)
FNDA:0,(anonymous_12)
FNDA:0,(anonymous_13)
FNDA:0,(anonymous_14)
FNDA:0,(anonymous_15)
FNDA:0,(anonymous_16)
FNDA:0,(anonymous_17)
FNDA:0,(anonymous_18)
DA:1,0
DA:2,0
DA:3,0
DA:4,0
DA:5,0
DA:6,0
DA:7,0
DA:8,0
DA:10,0
DA:11,0
DA:17,0
DA:18,0
DA:21,0
DA:23,0
DA:26,0
DA:27,0
DA:28,0
DA:29,0
[...]
DA:104,0
DA:106,0
DA:107,0
DA:109,0
DA:110,0
DA:114,0
DA:115,0
DA:116,0
DA:117,0
DA:121,0
DA:122,0
DA:126,0
DA:127,0
DA:129,0
DA:141,0
DA:142,0
DA:143,0
DA:145,0
DA:150,0
DA:151,0
DA:152,0
DA:154,0
DA:158,0
DA:165,0
DA:166,0
DA:169,0
DA:180,0
DA:181,0
DA:184,0
DA:191,0
DA:192,0
DA:195,0
DA:202,0
DA:203,0
DA:206,0
DA:211,0
DA:213,0
DA:215,0
DA:217,0
DA:219,0
DA:224,0
DA:230,0
DA:231,0
DA:232,0
DA:233,0
DA:235,0
DA:240,0
DA:244,0
DA:245,0
DA:249,0
DA:252,0
DA:253,0
DA:254,0
DA:255,0
DA:258,0
DA:259,0
DA:262,0
DA:263,0
DA:266,0
DA:267,0
DA:270,0
DA:272,0
DA:281,0
DA:288,0
DA:290,0
DA:291,0
DA:293,0
DA:295,0
DA:296,0
DA:297,0
DA:300,0
DA:301,0
DA:305,0
DA:306,0
DA:307,0
DA:308,0
DA:309,0
DA:310,0
DA:314,0
DA:316,0
DA:317,0
DA:318,0
DA:323,0
DA:324,0
DA:325,0
DA:326,0
DA:327,0
DA:331,0
DA:332,0
DA:333,0
DA:334,0
DA:335,0
LF:126
LH:0
BRDA:19,0,0,0
BRDA:19,0,1,0
BRDA:34,1,0,0
BRDA:34,2,0,0
BRDA:34,2,1,0
BRDA:38,3,0,0
BRDA:38,4,0,0
BRDA:38,4,1,0
BRDA:42,5,0,0
BRDA:42,6,0,0
BRDA:42,6,1,0
BRDA:62,7,0,0
BRDA:70,8,0,0
BRDA:73,9,0,0
BRDA:103,10,0,0
BRDA:106,11,0,0
BRDA:109,12,0,0
BRDA:116,13,0,0
BRDA:116,14,0,0
BRDA:116,14,1,0
BRDA:121,15,0,0
BRDA:141,16,0,0
BRDA:150,17,0,0
BRDA:165,18,0,0
BRDA:180,19,0,0
BRDA:191,20,0,0
BRDA:202,21,0,0
BRDA:211,22,0,0
BRDA:211,22,1,0
BRDA:211,22,2,0
BRDA:211,22,3,0
BRDA:213,23,0,0
BRDA:213,23,1,0
BRDA:215,24,0,0
BRDA:215,24,1,0
BRDA:217,25,0,0
BRDA:217,25,1,0
BRDA:231,26,0,0
BRDA:231,27,0,0
BRDA:231,27,1,0
BRDA:244,28,0,0
BRDA:254,29,0,0
BRDA:254,29,1,0
BRDA:270,30,0,0
BRDA:270,30,1,0
BRDA:288,31,0,0
BRDA:293,32,0,0
BRDA:296,33,0,0
BRDA:296,33,1,0
BRDA:306,34,0,0
BRDA:306,34,1,0
BRDA:306,34,2,0
BRDA:306,34,3,0
BRDA:316,35,0,0
BRDA:317,36,0,0
BRDA:324,37,0,0
BRDA:325,38,0,0
BRDA:326,39,0,0
BRDA:331,40,0,0
BRDA:331,40,1,0
BRDA:331,40,2,0
BRDA:331,40,3,0
BRF:62
BRH:0
end_of_record
TN:
SF:src/services/cloudHealthcare/watsonHealthService.ts
FN:8,(anonymous_0)
FN:14,(anonymous_1)
FN:49,(anonymous_2)
FN:76,(anonymous_3)
FN:98,(anonymous_4)
FN:123,(anonymous_5)
FN:151,(anonymous_6)
FN:179,(anonymous_7)
FN:180,(anonymous_8)
FN:183,(anonymous_9)
FN:187,(anonymous_10)
FN:191,(anonymous_11)
FN:206,(anonymous_12)
FN:219,(anonymous_13)
FN:232,(anonymous_14)
FNF:15
FNH:0
FNDA:0,(anonymous_0)
FNDA:0,(anonymous_1)
FNDA:0,(anonymous_2)
FNDA:0,(anonymous_3)
FNDA:0,(anonymous_4)
FNDA:0,(anonymous_5)
FNDA:0,(anonymous_6)
FNDA:0,(anonymous_7)
FNDA:0,(anonymous_8)
FNDA:0,(anonymous_9)
FNDA:0,(anonymous_10)
FNDA:0,(anonymous_11)
FNDA:0,(anonymous_12)
FNDA:0,(anonymous_13)
FNDA:0,(anonymous_14)
DA:3,0
DA:4,0
DA:5,0
DA:6,0
DA:9,0
DA:10,0
DA:11,0
DA:15,0
DA:17,0
DA:18,0
DA:20,0
DA:27,0
DA:29,0
DA:44,0
DA:45,0
DA:56,0
DA:57,0
DA:62,0
DA:71,0
DA:72,0
DA:77,0
DA:78,0
DA:84,0
DA:93,0
DA:94,0
DA:104,0
DA:105,0
DA:111,0
DA:118,0
DA:119,0
DA:134,0
DA:135,0
DA:140,0
DA:146,0
DA:147,0
DA:155,0
DA:161,0
DA:166,0
DA:172,0
DA:173,0
DA:176,0
DA:180,0
DA:181,0
DA:182,0
DA:183,0
DA:184,0
DA:185,0
DA:187,0
DA:192,0
DA:203,0
DA:207,0
DA:216,0
DA:220,0
DA:229,0
DA:233,0
DA:234,0
DA:237,0
DA:238,0
DA:241,0
DA:242,0
DA:245,0
LF:61
LH:0
BRDA:31,0,0,0
BRDA:31,0,1,0
BRDA:32,1,0,0
BRDA:32,1,1,0
BRDA:33,2,0,0
BRDA:33,2,1,0
BRDA:34,3,0,0
BRDA:34,3,1,0
BRDA:37,4,0,0
BRDA:37,4,1,0
BRDA:39,5,0,0
BRDA:39,5,1,0
BRDA:64,6,0,0
BRDA:64,6,1,0
BRDA:65,7,0,0
BRDA:65,7,1,0
BRDA:66,8,0,0
BRDA:66,8,1,0
BRDA:67,9,0,0
BRDA:67,9,1,0
BRDA:86,10,0,0
BRDA:86,10,1,0
BRDA:88,11,0,0
BRDA:88,11,1,0
BRDA:90,12,0,0
BRDA:90,12,1,0
BRDA:112,13,0,0
BRDA:112,13,1,0
BRDA:113,14,0,0
BRDA:113,14,1,0
BRDA:114,15,0,0
BRDA:114,15,1,0
BRDA:115,16,0,0
BRDA:115,16,1,0
BRDA:141,17,0,0
BRDA:141,17,1,0
BRDA:142,18,0,0
BRDA:142,18,1,0
BRDA:172,19,0,0
BRDA:203,20,0,0
BRDA:203,20,1,0
BRDA:216,21,0,0
BRDA:216,21,1,0
BRDA:229,22,0,0
BRDA:229,22,1,0
BRDA:233,23,0,0
BRDA:233,24,0,0
BRDA:233,24,1,0
BRDA:237,25,0,0
BRDA:237,26,0,0
BRDA:237,26,1,0
BRDA:241,27,0,0
BRF:52
BRH:0
end_of_record
TN:
SF:src/services/fitness/fitbitService.ts
FN:35,(anonymous_0)
FN:42,(anonymous_1)
FN:56,(anonymous_2)
FN:85,(anonymous_3)
FN:116,(anonymous_4)
FN:139,(anonymous_5)
FN:162,(anonymous_6)
FN:185,(anonymous_7)
FN:208,(anonymous_8)
FN:231,(anonymous_9)
FN:312,(anonymous_10)
FN:322,(anonymous_11)
FN:326,(anonymous_12)
FN:340,(anonymous_13)
FN:344,(anonymous_14)
FN:358,(anonymous_15)
FN:362,(anonymous_16)
FN:378,(anonymous_17)
FN:382,(anonymous_18)
FN:396,(anonymous_19)
FN:400,(anonymous_20)
FNF:21
FNH:0
FNDA:0,(anonymous_0)
FNDA:0,(anonymous_1)
FNDA:0,(anonymous_2)
FNDA:0,(anonymous_3)
FNDA:0,(anonymous_4)
FNDA:0,(anonymous_5)
FNDA:0,(anonymous_6)
FNDA:0,(anonymous_7)
FNDA:0,(anonymous_8)
FNDA:0,(anonymous_9)
FNDA:0,(anonymous_10)
FNDA:0,(anonymous_11)
FNDA:0,(anonymous_12)
FNDA:0,(anonymous_13)
FNDA:0,(anonymous_14)
FNDA:0,(anonymous_15)
FNDA:0,(anonymous_16)
FNDA:0,(anonymous_17)
FNDA:0,(anonymous_18)
FNDA:0,(anonymous_19)
FNDA:0,(anonymous_20)
DA:1,0
DA:29,0
DA:30,0
DA:31,0
DA:32,0
DA:33,0
DA:36,0
DA:43,0
DA:50,0
DA:57,0
DA:70,0
DA:71,0
DA:74,0
DA:75,0
DA:76,0
DA:77,0
DA:79,0
DA:86,0
DA:87,0
DA:90,0
DA:102,0
DA:103,0
DA:106,0
DA:107,0
DA:108,0
DA:110,0
DA:117,0
DA:119,0
DA:128,0
DA:129,0
DA:132,0
DA:133,0
DA:140,0
DA:142,0
DA:151,0
DA:152,0
DA:155,0
DA:156,0
DA:163,0
DA:165,0
DA:174,0
DA:175,0
DA:178,0
DA:179,0
DA:186,0
DA:188,0
DA:197,0
DA:198,0
DA:201,0
DA:202,0
DA:209,0
DA:211,0
DA:220,0
DA:221,0
DA:224,0
DA:225,0
DA:232,0
DA:234,0
DA:243,0
DA:244,0
DA:255,0
DA:256,0
DA:267,0
DA:268,0
DA:279,0
DA:280,0
DA:291,0
DA:292,0
DA:302,0
DA:304,0
DA:305,0
DA:313,0
DA:314,0
DA:316,0
DA:323,0
DA:325,0
DA:326,0
DA:327,0
DA:334,0
DA:341,0
DA:343,0
DA:344,0
DA:345,0
DA:352,0
DA:359,0
DA:361,0
DA:362,0
DA:363,0
DA:372,0
DA:379,0
DA:381,0
DA:382,0
DA:383,0
DA:390,0
DA:397,0
DA:399,0
DA:400,0
DA:401,0
DA:409,0
LF:99
LH:0
BRDA:70,0,0,0
BRDA:86,1,0,0
BRDA:102,2,0,0
BRDA:128,3,0,0
BRDA:151,4,0,0
BRDA:174,5,0,0
BRDA:197,6,0,0
BRDA:220,7,0,0
BRDA:313,8,0,0
BRDA:325,9,0,0
BRDA:325,10,0,0
BRDA:325,10,1,0
BRDA:343,11,0,0
BRDA:343,12,0,0
BRDA:343,12,1,0
BRDA:361,13,0,0
BRDA:367,14,0,0
BRDA:367,14,1,0
BRDA:381,15,0,0
BRDA:399,16,0,0
BRF:20
BRH:0
end_of_record
TN:
SF:src/services/fitness/fitnessIntegrationService.ts
FN:60,(anonymous_0)
FN:67,(anonymous_1)
FN:75,(anonymous_2)
FN:83,(anonymous_3)
FN:114,(anonymous_4)
FN:145,(anonymous_5)
FN:147,(anonymous_6)
FN:170,(anonymous_7)
FN:220,(anonymous_8)
FN:261,(anonymous_9)
FN:262,(anonymous_10)
FN:268,(anonymous_11)
FN:280,(anonymous_12)
FN:290,(anonymous_13)
FN:310,(anonymous_14)
FN:334,(anonymous_15)
FN:353,(anonymous_16)
FN:365,(anonymous_17)
FN:377,(anonymous_18)
FN:388,(anonymous_19)
FN:400,(anonymous_20)
FN:413,(anonymous_21)
FN:418,(anonymous_22)
FN:418,(anonymous_23)
FN:420,(anonymous_24)
FN:427,(anonymous_25)
FN:428,(anonymous_26)
FN:437,(anonymous_27)
FN:438,(anonymous_28)
FN:450,(anonymous_29)
FN:456,(anonymous_30)
FN:463,(anonymous_31)
FN:464,(anonymous_32)
FN:471,(anonymous_33)
FN:487,(anonymous_34)
FNF:35
FNH:0
FNDA:0,(anonymous_0)
FNDA:0,(anonymous_1)
FNDA:0,(anonymous_2)
FNDA:0,(anonymous_3)
FNDA:0,(anonymous_4)
FNDA:0,(anonymous_5)
FNDA:0,(anonymous_6)
FNDA:0,(anonymous_7)
FNDA:0,(anonymous_8)
FNDA:0,(anonymous_9)
FNDA:0,(anonymous_10)
FNDA:0,(anonymous_11)
FNDA:0,(anonymous_12)
FNDA:0,(anonymous_13)
FNDA:0,(anonymous_14)
FNDA:0,(anonymous_15)
FNDA:0,(anonymous_16)
FNDA:0,(anonymous_17)
FNDA:0,(anonymous_18)
FNDA:0,(anonymous_19)
FNDA:0,(anonymous_20)
FNDA:0,(anonymous_21)
FNDA:0,(anonymous_22)
FNDA:0,(anonymous_23)
FNDA:0,(anonymous_24)
FNDA:0,(anonymous_25)
FNDA:0,(anonymous_26)
FNDA:0,(anonymous_27)
FNDA:0,(anonymous_28)
FNDA:0,(anonymous_29)
FNDA:0,(anonymous_30)
FNDA:0,(anonymous_31)
FNDA:0,(anonymous_32)
FNDA:0,(anonymous_33)
FNDA:0,(anonymous_34)
DA:1,0
DA:2,0
DA:3,0
DA:55,0
DA:56,0
DA:57,0
DA:58,0
DA:61,0
DA:68,0
DA:69,0
DA:76,0
DA:77,0
DA:84,0
DA:85,0
DA:88,0
DA:89,0
DA:91,0
DA:101,0
DA:102,0
DA:104,0
DA:106,0
DA:107,0
DA:115,0
DA:116,0
DA:119,0
DA:120,0
DA:122,0
DA:132,0
DA:133,0
DA:135,0
DA:137,0
DA:138,0
DA:146,0
DA:147,0
DA:149,0
DA:150,0
DA:151,0
DA:152,0
DA:154,0
DA:164,0
DA:171,0
DA:172,0
DA:174,0
DA:175,0
DA:177,0
DA:178,0
DA:179,0
DA:181,0
DA:184,0
DA:185,0
DA:186,0
DA:188,0
DA:191,0
DA:195,0
DA:196,0
DA:198,0
DA:206,0
DA:207,0
DA:221,0
DA:222,0
DA:223,0
DA:226,0
DA:227,0
DA:230,0
DA:231,0
DA:234,0
DA:235,0
DA:238,0
DA:239,0
DA:242,0
DA:243,0
DA:245,0
DA:253,0
DA:254,0
DA:262,0
DA:269,0
DA:270,0
DA:271,0
DA:272,0
DA:273,0
DA:281,0
DA:282,0
DA:287,0
DA:289,0
DA:290,0
DA:291,0
DA:303,0
DA:311,0
DA:312,0
DA:324,0
DA:326,0
DA:327,0
DA:335,0
DA:336,0
DA:345,0
DA:347,0
DA:348,0
DA:354,0
DA:362,0
DA:366,0
DA:374,0
DA:378,0
DA:385,0
DA:389,0
DA:397,0
DA:401,0
DA:409,0
DA:414,0
DA:415,0
DA:418,0
DA:419,0
DA:420,0
DA:421,0
DA:422,0
DA:425,0
DA:426,0
DA:427,0
DA:428,0
DA:430,0
DA:431,0
DA:432,0
DA:434,0
DA:438,0
DA:439,0
DA:440,0
DA:442,0
DA:451,0
DA:452,0
DA:455,0
DA:456,0
DA:457,0
DA:458,0
DA:460,0
DA:464,0
DA:465,0
DA:466,0
DA:468,0
DA:472,0
DA:473,0
DA:476,0
DA:477,0
DA:478,0
DA:480,0
DA:481,0
DA:482,0
DA:484,0
DA:488,0
LF:147
LH:0
BRDA:84,0,0,0
BRDA:115,1,0,0
BRDA:158,2,0,0
BRDA:158,2,1,0
BRDA:175,3,0,0
BRDA:175,3,1,0
BRDA:175,3,2,0
BRDA:177,4,0,0
BRDA:184,5,0,0
BRDA:206,6,0,0
BRDA:206,6,1,0
BRDA:270,7,0,0
BRDA:287,8,0,0
BRDA:289,9,0,0
BRDA:297,10,0,0
BRDA:297,10,1,0
BRDA:324,11,0,0
BRDA:345,12,0,0
BRDA:362,13,0,0
BRDA:362,13,1,0
BRDA:374,14,0,0
BRDA:374,14,1,0
BRDA:385,15,0,0
BRDA:385,15,1,0
BRDA:397,16,0,0
BRDA:397,16,1,0
BRDA:409,17,0,0
BRDA:409,17,1,0
BRDA:414,18,0,0
BRDA:418,19,0,0
BRDA:418,19,1,0
BRDA:419,20,0,0
BRDA:419,20,1,0
BRDA:431,21,0,0
BRDA:431,21,1,0
BRDA:432,22,0,0
BRDA:438,23,0,0
BRDA:438,23,1,0
BRDA:451,24,0,0
BRDA:455,25,0,0
BRDA:455,25,1,0
BRDA:456,26,0,0
BRDA:456,26,1,0
BRDA:457,27,0,0
BRDA:457,27,1,0
BRDA:458,28,0,0
BRDA:458,28,1,0
BRDA:464,29,0,0
BRDA:464,29,1,0
BRDA:472,30,0,0
BRDA:476,31,0,0
BRDA:476,31,1,0
BRDA:477,32,0,0
BRDA:477,32,1,0
BRDA:481,33,0,0
BRDA:481,33,1,0
BRDA:482,34,0,0
BRF:57
BRH:0
end_of_record
TN:
SF:src/services/fitness/googleFitService.ts
FN:33,(anonymous_0)
FN:40,(anonymous_1)
FN:55,(anonymous_2)
FN:84,(anonymous_3)
FN:115,(anonymous_4)
FN:149,(anonymous_5)
FN:183,(anonymous_6)
FN:212,(anonymous_7)
FN:266,(anonymous_8)
FN:276,(anonymous_9)
FN:280,(anonymous_10)
FN:282,(anonymous_11)
FN:298,(anonymous_12)
FN:302,(anonymous_13)
FN:304,(anonymous_14)
FN:320,(anonymous_15)
FN:324,(anonymous_16)
FN:340,(anonymous_17)
FNF:18
FNH:0
FNDA:0,(anonymous_0)
FNDA:0,(anonymous_1)
FNDA:0,(anonymous_2)
FNDA:0,(anonymous_3)
FNDA:0,(anonymous_4)
FNDA:0,(anonymous_5)
FNDA:0,(anonymous_6)
FNDA:0,(anonymous_7)
FNDA:0,(anonymous_8)
FNDA:0,(anonymous_9)
FNDA:0,(anonymous_10)
FNDA:0,(anonymous_11)
FNDA:0,(anonymous_12)
FNDA:0,(anonymous_13)
FNDA:0,(anonymous_14)
FNDA:0,(anonymous_15)
FNDA:0,(anonymous_16)
FNDA:0,(anonymous_17)
DA:1,0
DA:28,0
DA:29,0
DA:30,0
DA:31,0
DA:34,0
DA:41,0
DA:49,0
DA:56,0
DA:70,0
DA:71,0
DA:74,0
DA:75,0
DA:76,0
DA:78,0
DA:85,0
DA:86,0
DA:89,0
DA:102,0
DA:103,0
DA:106,0
DA:107,0
DA:109,0
DA:116,0
DA:118,0
DA:138,0
DA:139,0
DA:142,0
DA:143,0
DA:150,0
DA:152,0
DA:172,0
DA:173,0
DA:176,0
DA:177,0
DA:184,0
DA:186,0
DA:201,0
DA:202,0
DA:205,0
DA:206,0
DA:213,0
DA:215,0
DA:222,0
DA:223,0
DA:234,0
DA:235,0
DA:246,0
DA:247,0
DA:256,0
DA:258,0
DA:259,0
DA:267,0
DA:268,0
DA:270,0
DA:277,0
DA:279,0
DA:280,0
DA:281,0
DA:282,0
DA:283,0
DA:292,0
DA:299,0
DA:301,0
DA:302,0
DA:303,0
DA:304,0
DA:305,0
DA:314,0
DA:321,0
DA:323,0
DA:324,0
DA:325,0
DA:326,0
DA:334,0
DA:341,0
DA:349,0
LF:77
LH:0
BRDA:70,0,0,0
BRDA:85,1,0,0
BRDA:102,2,0,0
BRDA:138,3,0,0
BRDA:172,4,0,0
BRDA:201,5,0,0
BRDA:267,6,0,0
BRDA:279,7,0,0
BRDA:281,8,0,0
BRDA:281,9,0,0
BRDA:281,9,1,0
BRDA:285,10,0,0
BRDA:285,10,1,0
BRDA:301,11,0,0
BRDA:303,12,0,0
BRDA:303,13,0,0
BRDA:303,13,1,0
BRDA:323,14,0,0
BRDA:329,15,0,0
BRDA:329,15,1,0
BRDA:349,16,0,0
BRDA:349,16,1,0
BRF:22
BRH:0
end_of_record
TN:
SF:src/services/prediction/databaseService.ts
FN:4,(anonymous_0)
FN:17,(anonymous_1)
FNF:2
FNH:0
FNDA:0,(anonymous_0)
FNDA:0,(anonymous_1)
DA:2,0
DA:4,0
DA:8,0
DA:9,0
DA:13,0
DA:14,0
DA:17,0
LF:7
LH:0
BRDA:8,0,0,0
BRF:1
BRH:0
end_of_record
TN:
SF:src/services/prediction/hybridPredictionService.ts
FN:85,(anonymous_0)
FN:94,(anonymous_1)
FN:123,(anonymous_2)
FN:130,(anonymous_3)
FN:142,(anonymous_4)
FN:186,(anonymous_5)
FN:277,(anonymous_6)
FN:313,(anonymous_7)
FN:337,(anonymous_8)
FN:340,(anonymous_9)
FN:350,(anonymous_10)
FN:353,(anonymous_11)
FN:364,(anonymous_12)
FN:366,(anonymous_13)
FN:368,(anonymous_14)
FN:369,(anonymous_15)
FN:370,(anonymous_16)
FN:371,(anonymous_17)
FN:380,(anonymous_18)
FN:381,(anonymous_19)
FN:382,(anonymous_20)
FN:388,(anonymous_21)
FN:400,(anonymous_22)
FN:406,(anonymous_23)
FN:426,(anonymous_24)
FN:433,(anonymous_25)
FN:443,(anonymous_26)
FN:446,(anonymous_27)
FN:457,(anonymous_28)
FN:470,(anonymous_29)
FN:488,(anonymous_30)
FN:499,(anonymous_31)
FN:502,(anonymous_32)
FN:517,(anonymous_33)
FN:523,(anonymous_34)
FN:548,(anonymous_35)
FN:553,(anonymous_36)
FN:593,(anonymous_37)
FN:619,(anonymous_38)
FN:621,(anonymous_39)
FN:627,(anonymous_40)
FN:637,(anonymous_41)
FNF:42
FNH:0
FNDA:0,(anonymous_0)
FNDA:0,(anonymous_1)
FNDA:0,(anonymous_2)
FNDA:0,(anonymous_3)
FNDA:0,(anonymous_4)
FNDA:0,(anonymous_5)
FNDA:0,(anonymous_6)
FNDA:0,(anonymous_7)
FNDA:0,(anonymous_8)
FNDA:0,(anonymous_9)
FNDA:0,(anonymous_10)
FNDA:0,(anonymous_11)
FNDA:0,(anonymous_12)
FNDA:0,(anonymous_13)
FNDA:0,(anonymous_14)
FNDA:0,(anonymous_15)
FNDA:0,(anonymous_16)
FNDA:0,(anonymous_17)
FNDA:0,(anonymous_18)
FNDA:0,(anonymous_19)
FNDA:0,(anonymous_20)
FNDA:0,(anonymous_21)
FNDA:0,(anonymous_22)
FNDA:0,(anonymous_23)
FNDA:0,(anonymous_24)
FNDA:0,(anonymous_25)
FNDA:0,(anonymous_26)
FNDA:0,(anonymous_27)
FNDA:0,(anonymous_28)
FNDA:0,(anonymous_29)
FNDA:0,(anonymous_30)
FNDA:0,(anonymous_31)
FNDA:0,(anonymous_32)
FNDA:0,(anonymous_33)
FNDA:0,(anonymous_34)
FNDA:0,(anonymous_35)
FNDA:0,(anonymous_36)
FNDA:0,(anonymous_37)
FNDA:0,(anonymous_38)
FNDA:0,(anonymous_39)
FNDA:0,(anonymous_40)
FNDA:0,(anonymous_41)
DA:7,0
DA:9,0
DA:80,0
DA:81,0
DA:82,0
DA:83,0
DA:86,0
DA:87,0
DA:88,0
DA:98,0
DA:100,0
DA:102,0
DA:103,0
DA:104,0
DA:105,0
DA:107,0
DA:110,0
DA:111,0
DA:113,0
DA:114,0
DA:115,0
DA:124,0
DA:131,0
DA:146,0
DA:147,0
DA:150,0
DA:151,0
DA:154,0
DA:170,0
DA:187,0
DA:188,0
DA:194,0
DA:207,0
DA:208,0
DA:209,0
DA:210,0
DA:212,0
DA:213,0
DA:219,0
DA:236,0
DA:237,0
DA:239,0
DA:243,0
DA:246,0
DA:247,0
DA:248,0
DA:249,0
DA:251,0
DA:256,0
DA:257,0
DA:258,0
DA:259,0
DA:261,0
DA:266,0
DA:269,0
DA:271,0
DA:281,0
DA:282,0
DA:286,0
DA:287,0
DA:288,0
DA:290,0
DA:314,0
DA:315,0
DA:319,0
DA:320,0
DA:321,0
DA:323,0
DA:338,0
DA:340,0
DA:341,0
DA:344,0
DA:351,0
DA:353,0
DA:354,0
DA:356,0
DA:357,0
DA:358,0
DA:365,0
DA:366,0
DA:368,0
DA:369,0
DA:370,0
DA:371,0
DA:373,0
DA:374,0
DA:381,0
DA:382,0
DA:392,0
DA:393,0
DA:394,0
DA:401,0
DA:403,0
DA:404,0
DA:406,0
DA:407,0
DA:408,0
DA:409,0
DA:410,0
DA:412,0
DA:413,0
DA:414,0
DA:415,0
DA:420,0
DA:427,0
DA:428,0
DA:429,0
DA:430,0
DA:434,0
DA:435,0
DA:436,0
DA:437,0
DA:444,0
DA:446,0
DA:447,0
DA:449,0
DA:450,0
DA:451,0
DA:468,0
DA:470,0
DA:471,0
DA:472,0
DA:482,0
DA:492,0
DA:493,0
DA:500,0
DA:502,0
DA:503,0
DA:504,0
DA:506,0
DA:507,0
DA:511,0
DA:518,0
DA:519,0
DA:522,0
DA:523,0
DA:524,0
DA:525,0
DA:529,0
DA:530,0
DA:531,0
DA:532,0
DA:536,0
DA:537,0
DA:538,0
DA:539,0
DA:542,0
DA:549,0
DA:552,0
DA:553,0
DA:554,0
DA:555,0
DA:560,0
DA:561,0
DA:562,0
DA:563,0
DA:564,0
DA:569,0
DA:570,0
DA:571,0
DA:573,0
DA:574,0
DA:579,0
DA:580,0
DA:581,0
DA:582,0
DA:584,0
DA:587,0
DA:597,0
DA:599,0
DA:600,0
DA:601,0
DA:602,0
DA:603,0
DA:605,0
DA:606,0
DA:607,0
DA:609,0
DA:610,0
DA:613,0
DA:620,0
DA:621,0
DA:628,0
DA:629,0
DA:630,0
DA:631,0
DA:638,0
DA:639,0
DA:640,0
DA:645,0
LF:190
LH:0
BRDA:86,0,0,0
BRDA:86,0,1,0
BRDA:87,1,0,0
BRDA:87,1,1,0
BRDA:88,2,0,0
BRDA:88,2,1,0
BRDA:102,3,0,0
BRDA:102,3,1,0
BRDA:104,4,0,0
BRDA:104,4,1,0
BRDA:113,5,0,0
BRDA:132,6,0,0
BRDA:132,6,1,0
BRDA:132,6,2,0
BRDA:132,6,3,0
BRDA:144,7,0,0
BRDA:146,8,0,0
BRDA:155,9,0,0
BRDA:155,9,1,0
BRDA:158,10,0,0
BRDA:158,10,1,0
BRDA:159,11,0,0
BRDA:159,11,1,0
BRDA:187,12,0,0
BRDA:195,13,0,0
BRDA:195,13,1,0
BRDA:209,14,0,0
BRDA:209,14,1,0
BRDA:220,15,0,0
BRDA:220,15,1,0
BRDA:223,16,0,0
BRDA:223,16,1,0
BRDA:224,17,0,0
BRDA:224,17,1,0
BRDA:226,18,0,0
BRDA:226,18,1,0
BRDA:246,19,0,0
BRDA:256,20,0,0
BRDA:256,21,0,0
BRDA:256,21,1,0
BRDA:281,22,0,0
BRDA:303,23,0,0
BRDA:303,23,1,0
BRDA:314,24,0,0
BRDA:338,25,0,0
BRDA:351,26,0,0
BRDA:356,27,0,0
BRDA:357,28,0,0
BRDA:392,29,0,0
BRDA:392,30,0,0
BRDA:392,30,1,0
BRDA:393,31,0,0
BRDA:393,32,0,0
BRDA:393,32,1,0
BRDA:401,33,0,0
BRDA:407,34,0,0
BRDA:412,35,0,0
BRDA:420,36,0,0
BRDA:420,36,1,0
BRDA:427,37,0,0
BRDA:427,38,0,0
BRDA:427,38,1,0
BRDA:428,39,0,0
BRDA:428,40,0,0
BRDA:428,40,1,0
BRDA:429,41,0,0
BRDA:429,42,0,0
BRDA:429,42,1,0
BRDA:434,43,0,0
BRDA:434,44,0,0
BRDA:434,44,1,0
BRDA:435,45,0,0
BRDA:435,46,0,0
BRDA:435,46,1,0
BRDA:436,47,0,0
BRDA:436,48,0,0
BRDA:436,48,1,0
BRDA:444,49,0,0
BRDA:449,50,0,0
BRDA:450,51,0,0
BRDA:471,52,0,0
BRDA:471,53,0,0
BRDA:471,53,1,0
BRDA:471,53,2,0
BRDA:473,54,0,0
BRDA:473,54,1,0
BRDA:473,55,0,0
BRDA:473,55,1,0
BRDA:492,56,0,0
BRDA:492,56,1,0
BRDA:492,57,0,0
BRDA:492,57,1,0
BRDA:503,58,0,0
BRDA:503,59,0,0
BRDA:503,59,1,0
BRDA:506,60,0,0
BRDA:506,61,0,0
BRDA:506,61,1,0
BRDA:522,62,0,0
BRDA:522,63,0,0
BRDA:522,63,1,0
BRDA:529,64,0,0
BRDA:536,65,0,0
BRDA:542,66,0,0
BRDA:542,66,1,0
BRDA:552,67,0,0
BRDA:554,68,0,0
BRDA:560,69,0,0
BRDA:561,70,0,0
BRDA:561,70,1,0
BRDA:563,71,0,0
BRDA:569,72,0,0
BRDA:570,73,0,0
BRDA:573,74,0,0
BRDA:579,75,0,0
BRDA:579,75,1,0
BRDA:581,76,0,0
BRDA:581,76,1,0
BRDA:599,77,0,0
BRDA:599,77,1,0
BRDA:602,78,0,0
BRDA:605,79,0,0
BRDA:605,79,1,0
BRDA:620,80,0,0
BRDA:628,81,0,0
BRF:125
BRH:0
end_of_record
TN:
SF:src/services/prediction/index.ts
FN:3,(anonymous_0)
FN:3,(anonymous_1)
FN:3,(anonymous_2)
FN:3,(anonymous_3)
FN:9,(anonymous_4)
FN:10,(anonymous_5)
FNF:6
FNH:0
FNDA:0,(anonymous_0)
FNDA:0,(anonymous_1)
FNDA:0,(anonymous_2)
FNDA:0,(anonymous_3)
FNDA:0,(anonymous_4)
FNDA:0,(anonymous_5)
DA:3,0
DA:9,0
DA:10,0
LF:3
LH:0
BRF:0
BRH:0
end_of_record
TN:
SF:src/services/prediction/legacyPredictionService.ts
FN:7,(anonymous_0)
FN:13,(anonymous_1)
FNF:2
FNH:0
FNDA:0,(anonymous_0)
FNDA:0,(anonymous_1)
DA:2,0
DA:7,0
DA:8,0
DA:9,0
DA:13,0
DA:16,0
DA:17,0
DA:19,0
DA:21,0
DA:31,0
DA:32,0
DA:35,0
LF:12
LH:0
BRDA:8,0,0,0
BRDA:19,1,0,0
BRDA:19,1,1,0
BRDA:31,2,0,0
BRF:4
BRH:0
end_of_record
TN:
SF:src/services/prediction/modernPredictionService.ts
FN:7,(anonymous_0)
FN:15,(anonymous_1)
FN:25,(anonymous_2)
FN:40,(anonymous_3)
FNF:4
FNH:0
FNDA:0,(anonymous_0)
FNDA:0,(anonymous_1)
FNDA:0,(anonymous_2)
FNDA:0,(anonymous_3)
DA:2,0
DA:4,0
DA:5,0
DA:9,0
DA:20,0
DA:21,0
DA:25,0
DA:27,0
DA:35,0
DA:36,0
DA:37,0
DA:40,0
DA:41,0
DA:45,0
DA:47,0
DA:65,0
DA:66,0
DA:69,0
DA:74,0
LF:19
LH:0
BRDA:9,0,0,0
BRDA:9,0,1,0
BRDA:20,1,0,0
BRDA:41,2,0,0
BRDA:41,2,1,0
BRDA:45,3,0,0
BRDA:45,3,1,0
BRDA:45,4,0,0
BRDA:45,4,1,0
BRDA:65,5,0,0
BRF:10
BRH:0
end_of_record
TN:
SF:src/services/prediction/types.ts
FNF:0
FNH:0
DA:4,0
DA:5,0
LF:2
LH:0
BRDA:4,0,0,0
BRDA:4,0,1,0
BRDA:5,1,0,0
BRDA:5,1,1,0
BRF:4
BRH:0
end_of_record
TN:
SF:src/types/compliance.ts
FNF:0
FNH:0
DA:250,0
LF:1
LH:0
BRF:0
BRH:0
end_of_record
TN:
SF:src/utils/adapters.ts
FN:7,(anonymous_0)
FN:32,(anonymous_1)
FN:69,(anonymous_2)
FN:86,(anonymous_3)
FNF:4
FNH:0
FNDA:0,(anonymous_0)
FNDA:0,(anonymous_1)
FNDA:0,(anonymous_2)
FNDA:0,(anonymous_3)
DA:7,0
DA:9,0
DA:13,0
DA:14,0
DA:16,0
DA:32,0
DA:36,0
DA:37,0
DA:38,0
DA:43,0
DA:45,0
DA:69,0
DA:70,0
DA:86,0
DA:87,0
LF:15
LH:0
BRDA:9,0,0,0
BRDA:9,0,1,0
BRDA:11,1,0,0
BRDA:11,1,1,0
BRDA:14,2,0,0
BRDA:14,2,1,0
BRDA:34,3,0,0
BRDA:37,4,0,0
BRDA:37,4,1,0
BRDA:43,5,0,0
BRDA:43,5,1,0
BRDA:47,6,0,0
BRDA:47,6,1,0
BRDA:55,7,0,0
BRDA:55,7,1,0
BRDA:71,8,0,0
BRDA:71,8,1,0
BRDA:71,8,2,0
BRDA:71,8,3,0
BRDA:71,8,4,0
BRDA:71,8,5,0
BRDA:71,8,6,0
BRDA:71,8,7,0
BRDA:71,8,8,0
BRDA:71,8,9,0
BRDA:88,9,0,0
BRDA:88,9,1,0
BRDA:88,9,2,0
BRDA:88,9,3,0
BRDA:88,9,4,0
BRDA:88,9,5,0
BRDA:88,9,6,0
BRDA:88,9,7,0
BRDA:88,9,8,0
BRDA:88,9,9,0
BRDA:88,9,10,0
BRDA:88,9,11,0
BRDA:88,9,12,0
BRF:38
BRH:0
end_of_record
